2025-11-25T16:55:13.688Z - ::1 - Guest - POST /api/auth/login
2025-11-25T16:55:13.688Z - Response: 500
2025-11-25T16:55:27.865Z - ::1 - Guest - POST /api/auth/login
2025-11-25T16:55:27.865Z - Response: 500
2025-11-25T16:57:16.735Z - ::1 - Guest - POST /api/auth/login
2025-11-25T16:57:16.735Z - Response: 200
2025-11-25T17:02:40.800Z - ::1 - Guest - GET /api/pokemon
2025-11-25T17:02:40.800Z - Response: 401
2025-11-25T17:02:40.802Z - ::1 - Guest - GET /api/pokemon
2025-11-25T17:02:40.802Z - Response: 401
2025-11-25T17:03:42.092Z - ::1 - Guest - GET /api/pokemon
2025-11-25T17:03:42.092Z - Response: 401
2025-11-25T17:03:42.098Z - ::1 - Guest - GET /api/pokemon
2025-11-25T17:03:42.098Z - Response: 401
2025-11-25T17:03:42.985Z - ::1 - Guest - GET /api/pokemon
2025-11-25T17:03:42.985Z - Response: 401
2025-11-25T17:03:42.987Z - ::1 - Guest - GET /api/pokemon
2025-11-25T17:03:42.987Z - Response: 401
2025-11-25T17:04:00.759Z - ::1 - Guest - GET /api/pokemon
2025-11-25T17:04:00.759Z - Response: 401
2025-11-25T17:04:00.761Z - ::1 - Guest - GET /api/pokemon
2025-11-25T17:04:00.761Z - Response: 401
2025-11-25T17:04:56.783Z - ::1 - Guest - GET /api/pokemon
2025-11-25T17:04:56.783Z - Response: 401
2025-11-25T17:04:56.786Z - ::1 - Guest - GET /api/pokemon
2025-11-25T17:04:56.786Z - Response: 500
2025-11-25T17:13:25.773Z - ::1 - Guest - GET /api/pokemon
2025-11-25T17:13:25.773Z - Response: 401
2025-11-25T17:13:25.776Z - ::1 - Guest - GET /api/pokemon
2025-11-25T17:13:25.776Z - Response: 500
2025-11-25T17:13:40.837Z - ::1 - Guest - GET /api/pokemon
2025-11-25T17:13:40.837Z - Response: 401
2025-11-25T17:13:40.838Z - ::1 - Guest - GET /api/pokemon
2025-11-25T17:13:40.838Z - Response: 500
2025-11-25T17:14:56.772Z - ::1 - Guest - GET /api/pokemon
2025-11-25T17:14:56.772Z - Response: 500
2025-11-25T17:14:56.775Z - ::1 - Guest - GET /api/pokemon
2025-11-25T17:14:56.775Z - Response: 500
2025-11-25T17:16:52.672Z - ::1 - Guest - GET /api/pokemon
2025-11-25T17:16:52.672Z - Response: 401
2025-11-25T17:16:52.674Z - ::1 - Guest - GET /api/pokemon
2025-11-25T17:16:52.674Z - Response: 500
2025-11-25T17:16:55.024Z - ::1 - Guest - GET /api/pokemon
2025-11-25T17:16:55.024Z - Response: 401
2025-11-25T17:16:55.026Z - ::1 - Guest - GET /api/pokemon
2025-11-25T17:16:55.026Z - Response: 500
2025-11-25T17:20:07.785Z - ::1 - Guest - GET /api/pokemon
2025-11-25T17:20:07.785Z - Response: 401
2025-11-25T17:21:07.353Z - ::1 - Guest - GET /api/pokemon
2025-11-25T17:21:07.353Z - Response: 401
2025-11-25T17:21:07.356Z - ::1 - Guest - GET /api/pokemon
2025-11-25T17:21:07.356Z - Response: 500
2025-11-25T17:22:00.704Z - ::1 - Guest - GET /api/pokemon
2025-11-25T17:22:00.704Z - Response: 401
2025-11-25T17:22:00.708Z - ::1 - Guest - GET /api/pokemon
2025-11-25T17:22:00.708Z - Response: 500
2025-11-25T17:22:06.699Z - ::1 - Guest - GET /api/pokemon
2025-11-25T17:22:06.699Z - Response: 401
2025-11-25T17:22:06.710Z - ::1 - Guest - GET /api/pokemon
2025-11-25T17:22:06.710Z - Response: 500
2025-11-25T17:22:11.047Z - ::1 - Guest - GET /api/pokemon
2025-11-25T17:22:11.047Z - Response: 401
2025-11-25T17:22:11.050Z - ::1 - Guest - GET /api/pokemon
2025-11-25T17:22:11.050Z - Response: 500
2025-11-25T17:24:55.371Z - ::1 - Guest - GET /api/pokemon
2025-11-25T17:24:55.371Z - Response: 401
2025-11-25T17:24:55.384Z - ::1 - Guest - GET /api/pokemon
2025-11-25T17:24:55.384Z - Response: 200
2025-11-25T17:25:01.853Z - ::1 - Guest - GET /api/pokemon
2025-11-25T17:25:01.853Z - Response: 401
2025-11-25T17:25:01.855Z - ::1 - Guest - GET /api/pokemon
2025-11-25T17:25:01.855Z - Response: 200
2025-11-25T17:27:44.898Z - ::1 - Guest - GET /api/pokemon
2025-11-25T17:27:44.898Z - Response: 401
2025-11-25T17:27:44.900Z - ::1 - Guest - GET /api/pokemon
2025-11-25T17:27:44.900Z - Response: 200
2025-11-25T17:28:00.558Z - ::1 - Guest - GET /api/pokemon
2025-11-25T17:28:00.558Z - Response: 401
2025-11-25T17:28:00.562Z - ::1 - Guest - GET /api/pokemon
2025-11-25T17:28:00.562Z - Response: 304
2025-11-25T17:28:09.315Z - ::1 - Guest - GET /api/pokemon
2025-11-25T17:28:09.315Z - Response: 401
2025-11-25T17:28:09.318Z - ::1 - Guest - GET /api/pokemon
2025-11-25T17:28:09.318Z - Response: 200
2025-11-25T17:33:27.692Z - ::1 - Guest - GET /api/pokemon
2025-11-25T17:33:27.692Z - Response: 401
2025-11-25T17:33:27.698Z - ::1 - Guest - GET /api/pokemon
2025-11-25T17:33:27.698Z - Response: 200
2025-11-25T17:39:56.369Z - ::1 - Guest - GET /api/pokemon
2025-11-25T17:39:56.369Z - Response: 401
2025-11-25T17:39:56.371Z - ::1 - Guest - GET /api/pokemon
2025-11-25T17:39:56.371Z - Response: 200
2025-11-25T17:39:58.391Z - ::1 - Guest - GET /api/pokemon
2025-11-25T17:39:58.391Z - Response: 401
2025-11-25T17:39:58.394Z - ::1 - Guest - GET /api/pokemon
2025-11-25T17:39:58.394Z - Response: 304
2025-11-25T17:40:02.371Z - ::1 - Guest - GET /api/pokemon
2025-11-25T17:40:02.371Z - Response: 401
2025-11-25T17:40:02.373Z - ::1 - Guest - GET /api/pokemon
2025-11-25T17:40:02.373Z - Response: 200
2025-11-25T17:50:04.508Z - ::1 - Guest - POST /api/auth/login
2025-11-25T17:50:04.508Z - Response: 200
2025-11-25T17:50:04.652Z - ::1 - Guest - GET /api/pokemon
2025-11-25T17:50:04.652Z - Response: 401
2025-11-25T17:50:04.654Z - ::1 - Guest - GET /api/pokemon
2025-11-25T17:50:04.654Z - Response: 200
2025-11-25T17:50:15.374Z - ::1 - Guest - GET /api/pokemon
2025-11-25T17:50:15.374Z - Response: 401
2025-11-25T17:50:15.376Z - ::1 - Guest - GET /api/pokemon
2025-11-25T17:50:15.376Z - Response: 304
2025-11-25T18:06:06.425Z - ::1 - Guest - GET /api/pokemon
2025-11-25T18:06:06.425Z - Response: 401
2025-11-25T18:06:06.437Z - ::1 - Guest - GET /api/pokemon
2025-11-25T18:06:06.437Z - Response: 200
2025-11-25T18:11:13.308Z - ::1 - Guest - GET /api/pokemon
2025-11-25T18:11:13.308Z - Response: 304
2025-11-25T18:11:13.316Z - ::1 - Guest - GET /api/pokemon
2025-11-25T18:11:13.316Z - Response: 304
2025-11-25T18:11:19.417Z - ::1 - Guest - GET /api/pokemon
2025-11-25T18:11:19.417Z - Response: 401
2025-11-25T18:11:19.420Z - ::1 - Guest - GET /api/pokemon
2025-11-25T18:11:19.420Z - Response: 304
2025-11-25T19:35:48.432Z - ::1 - Guest - GET /api/pokemon
2025-11-25T19:35:48.432Z - Response: 401
2025-11-25T19:35:48.471Z - ::1 - Guest - GET /api/pokemon
2025-11-25T19:35:48.471Z - Response: 400
2025-11-25T19:43:21.566Z - ::1 - Guest - GET /api/pokemon
2025-11-25T19:43:21.566Z - Response: 400
2025-11-25T19:43:21.571Z - ::1 - Guest - GET /api/pokemon
2025-11-25T19:43:21.571Z - Response: 400
2025-11-25T19:43:27.177Z - ::1 - Guest - GET /api/pokemon
2025-11-25T19:43:27.177Z - Response: 400
2025-11-25T19:43:27.180Z - ::1 - Guest - GET /api/pokemon
2025-11-25T19:43:27.180Z - Response: 400
2025-11-25T19:44:10.985Z - ::1 - Guest - GET /api/pokemon
2025-11-25T19:44:10.985Z - Response: 401
2025-11-25T19:44:10.987Z - ::1 - Guest - GET /api/pokemon
2025-11-25T19:44:10.987Z - Response: 400
2025-11-25T19:44:12.209Z - ::1 - Guest - GET /api/pokemon
2025-11-25T19:44:12.209Z - Response: 401
2025-11-25T19:44:12.212Z - ::1 - Guest - GET /api/pokemon
2025-11-25T19:44:12.212Z - Response: 400
2025-11-25T19:44:12.625Z - ::1 - Guest - GET /api/pokemon
2025-11-25T19:44:12.625Z - Response: 401
2025-11-25T19:44:12.627Z - ::1 - Guest - GET /api/pokemon
2025-11-25T19:44:12.627Z - Response: 400
2025-11-25T19:44:13.073Z - ::1 - Guest - GET /api/pokemon
2025-11-25T19:44:13.073Z - Response: 401
2025-11-25T19:44:13.075Z - ::1 - Guest - GET /api/pokemon
2025-11-25T19:44:13.075Z - Response: 400
2025-11-25T19:44:13.290Z - ::1 - Guest - GET /api/pokemon
2025-11-25T19:44:13.290Z - Response: 401
2025-11-25T19:44:13.292Z - ::1 - Guest - GET /api/pokemon
2025-11-25T19:44:13.292Z - Response: 400
2025-11-25T19:44:13.476Z - ::1 - Guest - GET /api/pokemon
2025-11-25T19:44:13.476Z - Response: 401
2025-11-25T19:44:13.479Z - ::1 - Guest - GET /api/pokemon
2025-11-25T19:44:13.479Z - Response: 400
2025-11-25T19:44:13.643Z - ::1 - Guest - GET /api/pokemon
2025-11-25T19:44:13.643Z - Response: 401
2025-11-25T19:44:13.646Z - ::1 - Guest - GET /api/pokemon
2025-11-25T19:44:13.646Z - Response: 400
2025-11-25T19:44:13.820Z - ::1 - Guest - GET /api/pokemon
2025-11-25T19:44:13.820Z - Response: 401
2025-11-25T19:44:13.822Z - ::1 - Guest - GET /api/pokemon
2025-11-25T19:44:13.822Z - Response: 400
2025-11-25T19:44:13.983Z - ::1 - Guest - GET /api/pokemon
2025-11-25T19:44:13.983Z - Response: 401
2025-11-25T19:44:13.986Z - ::1 - Guest - GET /api/pokemon
2025-11-25T19:44:13.986Z - Response: 400
2025-11-25T19:44:14.122Z - ::1 - Guest - GET /api/pokemon
2025-11-25T19:44:14.122Z - Response: 401
2025-11-25T19:44:14.124Z - ::1 - Guest - GET /api/pokemon
2025-11-25T19:44:14.124Z - Response: 400
2025-11-25T19:44:14.300Z - ::1 - Guest - GET /api/pokemon
2025-11-25T19:44:14.300Z - Response: 401
2025-11-25T19:44:14.302Z - ::1 - Guest - GET /api/pokemon
2025-11-25T19:44:14.302Z - Response: 400
2025-11-25T19:44:14.457Z - ::1 - Guest - GET /api/pokemon
2025-11-25T19:44:14.457Z - Response: 401
2025-11-25T19:44:14.459Z - ::1 - Guest - GET /api/pokemon
2025-11-25T19:44:14.459Z - Response: 400
2025-11-25T19:44:15.042Z - ::1 - Guest - GET /api/pokemon
2025-11-25T19:44:15.042Z - Response: 401
2025-11-25T19:44:15.044Z - ::1 - Guest - GET /api/pokemon
2025-11-25T19:44:15.044Z - Response: 400
2025-11-25T19:44:16.331Z - ::1 - Guest - GET /api/pokemon
2025-11-25T19:44:16.331Z - Response: 401
2025-11-25T19:44:16.333Z - ::1 - Guest - GET /api/pokemon
2025-11-25T19:44:16.333Z - Response: 400
2025-11-25T19:59:24.748Z - ::1 - Guest - GET /api/pokemon
2025-11-25T19:59:24.748Z - Response: 401
2025-11-25T19:59:24.749Z - ::1 - Guest - GET /api/pokemon
2025-11-25T19:59:24.749Z - Response: 400
2025-11-25T19:59:28.452Z - ::1 - Guest - GET /api/pokemon
2025-11-25T19:59:28.452Z - Response: 401
2025-11-25T19:59:28.453Z - ::1 - Guest - GET /api/pokemon
2025-11-25T19:59:28.453Z - Response: 400
2025-11-25T19:59:28.953Z - ::1 - Guest - GET /api/pokemon
2025-11-25T19:59:28.953Z - Response: 401
2025-11-25T19:59:28.955Z - ::1 - Guest - GET /api/pokemon
2025-11-25T19:59:28.955Z - Response: 400
2025-11-25T19:59:29.586Z - ::1 - Guest - GET /api/pokemon
2025-11-25T19:59:29.586Z - Response: 401
2025-11-25T19:59:29.587Z - ::1 - Guest - GET /api/pokemon
2025-11-25T19:59:29.587Z - Response: 400
2025-11-25T19:59:31.568Z - ::1 - Guest - GET /api/pokemon
2025-11-25T19:59:31.568Z - Response: 401
2025-11-25T19:59:31.569Z - ::1 - Guest - GET /api/pokemon
2025-11-25T19:59:31.569Z - Response: 400
2025-11-25T20:37:00.778Z - ::1 - Guest - GET /api/pokemon
2025-11-25T20:37:00.778Z - Response: 400
2025-11-25T20:41:50.010Z - ::1 - Guest - GET /api/pokemon
2025-11-25T20:41:50.010Z - Response: 400
2025-11-25T20:41:50.013Z - ::1 - Guest - GET /api/pokemon
2025-11-25T20:41:50.013Z - Response: 400
2025-11-25T20:41:51.109Z - ::1 - Guest - GET /api/pokemon
2025-11-25T20:41:51.109Z - Response: 400
2025-11-25T20:41:51.112Z - ::1 - Guest - GET /api/pokemon
2025-11-25T20:41:51.112Z - Response: 400
2025-11-25T20:41:52.097Z - ::1 - Guest - GET /api/pokemon
2025-11-25T20:41:52.097Z - Response: 400
2025-11-25T20:41:52.099Z - ::1 - Guest - GET /api/pokemon
2025-11-25T20:41:52.099Z - Response: 400
2025-11-25T20:41:56.016Z - ::1 - Guest - GET /api/pokemon
2025-11-25T20:41:56.016Z - Response: 400
2025-11-25T20:41:56.018Z - ::1 - Guest - GET /api/pokemon
2025-11-25T20:41:56.018Z - Response: 400
2025-11-25T20:41:57.041Z - ::1 - Guest - GET /api/pokemon
2025-11-25T20:41:57.041Z - Response: 400
2025-11-25T20:41:57.043Z - ::1 - Guest - GET /api/pokemon
2025-11-25T20:41:57.043Z - Response: 400
2025-11-25T22:39:20.306Z - ::1 - Guest - GET /api/pokemon
2025-11-25T22:39:20.306Z - Response: 400
2025-11-25T22:39:20.311Z - ::1 - Guest - GET /api/pokemon
2025-11-25T22:39:20.311Z - Response: 400
2025-11-25T22:42:15.620Z - ::1 - Guest - POST /api/auth/login
2025-11-25T22:42:15.620Z - Response: 200
2025-11-25T22:42:15.799Z - ::1 - Guest - GET /api/pokemon
2025-11-25T22:42:15.799Z - Response: 400
2025-11-25T22:42:15.803Z - ::1 - Guest - GET /api/pokemon
2025-11-25T22:42:15.803Z - Response: 200
2025-11-25T22:42:21.397Z - ::1 - Guest - GET /api/pokemon
2025-11-25T22:42:21.397Z - Response: 304
2025-11-25T22:42:21.402Z - ::1 - Guest - GET /api/pokemon
2025-11-25T22:42:21.402Z - Response: 304
2025-11-25T22:42:31.758Z - ::1 - Guest - GET /api/pokemon
2025-11-25T22:42:31.758Z - Response: 304
2025-11-25T22:42:31.763Z - ::1 - Guest - GET /api/pokemon
2025-11-25T22:42:31.763Z - Response: 304
2025-11-25T22:42:32.922Z - ::1 - Guest - GET /api/pokemon
2025-11-25T22:42:32.922Z - Response: 304
2025-11-25T22:42:32.927Z - ::1 - Guest - GET /api/pokemon
2025-11-25T22:42:32.927Z - Response: 304
2025-11-25T22:42:33.503Z - ::1 - Guest - GET /api/pokemon
2025-11-25T22:42:33.503Z - Response: 304
2025-11-25T22:42:33.507Z - ::1 - Guest - GET /api/pokemon
2025-11-25T22:42:33.507Z - Response: 304
2025-11-25T22:42:34.854Z - ::1 - Guest - GET /api/pokemon
2025-11-25T22:42:34.854Z - Response: 304
2025-11-25T22:42:34.858Z - ::1 - Guest - GET /api/pokemon
2025-11-25T22:42:34.858Z - Response: 304
2025-11-25T22:42:35.406Z - ::1 - Guest - GET /api/pokemon
2025-11-25T22:42:35.406Z - Response: 304
2025-11-25T22:42:35.410Z - ::1 - Guest - GET /api/pokemon
2025-11-25T22:42:35.410Z - Response: 304
2025-11-25T22:54:45.662Z - ::1 - Guest - GET /api/pokemon
2025-11-25T22:54:45.662Z - Response: 304
2025-11-25T22:54:45.666Z - ::1 - Guest - GET /api/pokemon
2025-11-25T22:54:45.666Z - Response: 304
2025-11-25T22:55:13.736Z - ::1 - Guest - GET /api/pokemon
2025-11-25T22:55:13.736Z - Response: 304
2025-11-25T22:55:13.739Z - ::1 - Guest - GET /api/pokemon
2025-11-25T22:55:13.739Z - Response: 304
2025-11-25T22:55:17.966Z - ::1 - Guest - GET /api/pokemon
2025-11-25T22:55:17.966Z - Response: 304
2025-11-25T22:55:17.970Z - ::1 - Guest - GET /api/pokemon
2025-11-25T22:55:17.970Z - Response: 304
2025-11-25T22:55:26.638Z - ::1 - Guest - GET /api/pokemon
2025-11-25T22:55:26.638Z - Response: 304
2025-11-25T22:55:26.641Z - ::1 - Guest - GET /api/pokemon
2025-11-25T22:55:26.641Z - Response: 304
2025-11-25T22:56:47.747Z - ::1 - Guest - GET /api/pokemon
2025-11-25T22:56:47.747Z - Response: 304
2025-11-25T22:56:47.751Z - ::1 - Guest - GET /api/pokemon
2025-11-25T22:56:47.751Z - Response: 304
2025-11-25T22:57:04.695Z - ::1 - Guest - GET /api/pokemon
2025-11-25T22:57:04.695Z - Response: 304
2025-11-25T22:57:04.698Z - ::1 - Guest - GET /api/pokemon
2025-11-25T22:57:04.698Z - Response: 304
2025-11-25T23:01:19.390Z - ::1 - Guest - GET /api/pokemon
2025-11-25T23:01:19.390Z - Response: 304
2025-11-25T23:01:19.394Z - ::1 - Guest - GET /api/pokemon
2025-11-25T23:01:19.394Z - Response: 304
2025-11-25T23:02:15.777Z - ::1 - Guest - GET /api/pokemon
2025-11-25T23:02:15.777Z - Response: 304
2025-11-26T00:52:31.420Z - ::1 - Guest - POST /api/auth/login
2025-11-26T00:52:31.420Z - Response: 200
2025-11-26T00:53:06.370Z - ::1 - Guest - GET /api/pokemon
2025-11-26T00:53:06.370Z - Response: 304
2025-11-26T00:53:06.376Z - ::1 - Guest - GET /api/pokemon
2025-11-26T00:53:06.376Z - Response: 304
2025-11-26T00:53:20.637Z - ::1 - Guest - GET /api/pokemon
2025-11-26T00:53:20.637Z - Response: 304
2025-11-26T00:53:20.644Z - ::1 - Guest - GET /api/pokemon
2025-11-26T00:53:20.644Z - Response: 304
2025-11-26T00:53:54.622Z - ::1 - Guest - GET /api/pokemon
2025-11-26T00:53:54.622Z - Response: 304
2025-11-26T00:53:54.627Z - ::1 - Guest - GET /api/pokemon
2025-11-26T00:53:54.627Z - Response: 304
2025-11-26T00:56:22.188Z - ::1 - Guest - GET /api/pokemon
2025-11-26T00:56:22.188Z - Response: 304
2025-11-26T00:56:22.193Z - ::1 - Guest - GET /api/pokemon
2025-11-26T00:56:22.193Z - Response: 304
2025-11-26T00:56:24.671Z - ::1 - Guest - GET /api/pokemon
2025-11-26T00:56:24.673Z - ::1 - Guest - GET /api/pokemon
2025-11-26T00:56:24.671Z - Response: 200
2025-11-26T00:56:24.673Z - Response: 200
2025-11-26T00:57:30.124Z - ::1 - Guest - GET /api/pokemon
2025-11-26T00:57:30.124Z - Response: 304
2025-11-26T00:57:30.128Z - ::1 - Guest - GET /api/pokemon
2025-11-26T00:57:30.128Z - Response: 304
2025-11-26T00:59:14.809Z - ::1 - Guest - GET /api/pokemon
2025-11-26T00:59:14.809Z - Response: 304
2025-11-26T00:59:14.813Z - ::1 - Guest - GET /api/pokemon
2025-11-26T00:59:14.813Z - Response: 304
2025-11-26T00:59:45.407Z - ::1 - Guest - GET /api/pokemon
2025-11-26T00:59:45.407Z - Response: 304
2025-11-26T01:03:25.740Z - ::1 - Guest - GET /api/pokemon
2025-11-26T01:03:25.740Z - Response: 304
2025-11-26T01:04:15.152Z - ::1 - Guest - GET /api/pokemon
2025-11-26T01:04:15.152Z - Response: 304
2025-11-26T01:04:15.156Z - ::1 - Guest - GET /api/pokemon
2025-11-26T01:04:15.156Z - Response: 304
2025-11-26T01:05:16.505Z - ::1 - Guest - GET /api/pokemon
2025-11-26T01:05:16.505Z - Response: 304
2025-11-26T01:05:16.510Z - ::1 - Guest - GET /api/pokemon
2025-11-26T01:05:16.510Z - Response: 304
2025-11-26T01:06:49.569Z - ::1 - Guest - GET /api/pokemon
2025-11-26T01:06:49.569Z - Response: 304
2025-11-26T01:06:49.573Z - ::1 - Guest - GET /api/pokemon
2025-11-26T01:06:49.573Z - Response: 304
2025-11-26T01:06:51.230Z - ::1 - Guest - GET /api/pokemon
2025-11-26T01:06:51.233Z - ::1 - Guest - GET /api/pokemon
2025-11-26T01:06:51.230Z - Response: 200
2025-11-26T01:06:51.233Z - Response: 200
2025-11-26T01:07:28.307Z - ::1 - Guest - GET /api/pokemon
2025-11-26T01:07:28.307Z - Response: 304
2025-11-26T01:07:28.311Z - ::1 - Guest - GET /api/pokemon
2025-11-26T01:07:28.311Z - Response: 304
2025-11-26T01:07:41.254Z - ::1 - Guest - GET /api/pokemon
2025-11-26T01:07:41.254Z - Response: 304
2025-11-26T01:07:41.258Z - ::1 - Guest - GET /api/pokemon
2025-11-26T01:07:41.258Z - Response: 304
2025-11-26T01:08:30.861Z - ::1 - Guest - GET /api/pokemon
2025-11-26T01:08:30.861Z - Response: 304
2025-11-26T01:08:30.865Z - ::1 - Guest - GET /api/pokemon
2025-11-26T01:08:30.865Z - Response: 304
2025-11-26T01:13:19.962Z - ::1 - Guest - GET /api/pokemon
2025-11-26T01:13:19.962Z - Response: 304
2025-11-26T01:13:20.774Z - ::1 - Guest - GET /api/pokemon
2025-11-26T01:13:20.774Z - Response: 304
2025-11-26T01:16:10.661Z - ::1 - Guest - GET /api/pokemon
2025-11-26T01:16:10.661Z - Response: 304
2025-11-26T01:16:10.667Z - ::1 - Guest - GET /api/pokemon
2025-11-26T01:16:10.667Z - Response: 304
2025-11-26T01:19:45.872Z - ::1 - Guest - GET /api/pokemon
2025-11-26T01:19:45.872Z - Response: 304
2025-11-26T01:19:45.878Z - ::1 - Guest - GET /api/pokemon
2025-11-26T01:19:45.878Z - Response: 304
2025-11-26T01:22:13.607Z - ::1 - Guest - GET /api/pokemon
2025-11-26T01:22:13.607Z - Response: 304
2025-11-26T01:22:59.190Z - ::1 - Guest - GET /api/pokemon
2025-11-26T01:22:59.190Z - Response: 304
2025-11-26T01:22:59.193Z - ::1 - Guest - GET /api/pokemon
2025-11-26T01:22:59.193Z - Response: 304
2025-11-26T01:24:04.118Z - ::1 - Guest - GET /api/pokemon
2025-11-26T01:24:04.118Z - Response: 304
2025-11-26T01:24:04.122Z - ::1 - Guest - GET /api/pokemon
2025-11-26T01:24:04.122Z - Response: 304
2025-11-26T01:24:43.094Z - ::1 - Guest - GET /api/pokemon
2025-11-26T01:24:43.094Z - Response: 304
2025-11-26T01:24:43.097Z - ::1 - Guest - GET /api/pokemon
2025-11-26T01:24:43.097Z - Response: 304
2025-11-26T01:29:41.461Z - ::1 - Guest - GET /api/pokemon
2025-11-26T01:29:41.461Z - Response: 304
2025-11-26T01:31:30.863Z - ::1 - Guest - GET /api/pokemon
2025-11-26T01:31:30.863Z - Response: 304
2025-11-26T01:31:35.968Z - ::1 - Guest - GET /api/pokemon
2025-11-26T01:31:35.968Z - Response: 304
2025-11-26T01:31:39.130Z - ::1 - Guest - GET /api/pokemon
2025-11-26T01:31:39.130Z - Response: 304
2025-11-26T01:31:39.135Z - ::1 - Guest - GET /api/pokemon
2025-11-26T01:31:39.135Z - Response: 304
2025-11-26T01:32:50.264Z - ::1 - Guest - GET /api/pokemon
2025-11-26T01:32:50.264Z - Response: 304
2025-11-26T01:32:50.268Z - ::1 - Guest - GET /api/pokemon
2025-11-26T01:32:50.268Z - Response: 304
2025-11-26T01:33:46.176Z - ::1 - Guest - GET /api/pokemon
2025-11-26T01:33:46.176Z - Response: 304
2025-11-26T01:33:46.179Z - ::1 - Guest - GET /api/pokemon
2025-11-26T01:33:46.179Z - Response: 304
2025-11-26T01:34:50.918Z - ::1 - Guest - GET /api/pokemon
2025-11-26T01:34:50.918Z - Response: 304
2025-11-26T01:34:50.921Z - ::1 - Guest - GET /api/pokemon
2025-11-26T01:34:50.921Z - Response: 304
2025-11-26T01:37:32.953Z - ::1 - Guest - GET /api/pokemon
2025-11-26T01:37:32.953Z - Response: 304
2025-11-26T01:37:33.021Z - ::1 - Guest - GET /api/pokemon
2025-11-26T01:37:33.021Z - Response: 304
2025-11-26T01:43:23.450Z - ::1 - Guest - GET /api/pokemon
2025-11-26T01:43:23.450Z - Response: 304
2025-11-26T01:43:23.456Z - ::1 - Guest - GET /api/pokemon
2025-11-26T01:43:23.456Z - Response: 304
2025-11-26T01:45:32.801Z - ::1 - Guest - GET /api/pokemon
2025-11-26T01:45:32.801Z - Response: 304
2025-11-26T01:45:32.806Z - ::1 - Guest - GET /api/pokemon
2025-11-26T01:45:32.806Z - Response: 304
2025-11-26T01:45:38.364Z - ::1 - Guest - GET /api/pokemon
2025-11-26T01:45:38.364Z - Response: 304
2025-11-26T01:45:38.368Z - ::1 - Guest - GET /api/pokemon
2025-11-26T01:45:38.368Z - Response: 304
2025-11-26T01:48:05.233Z - ::1 - Guest - GET /api/pokemon
2025-11-26T01:48:05.233Z - Response: 304
2025-11-26T01:48:05.238Z - ::1 - Guest - GET /api/pokemon
2025-11-26T01:48:05.238Z - Response: 304
2025-11-26T01:48:40.442Z - ::1 - Guest - GET /api/pokemon
2025-11-26T01:48:40.442Z - Response: 304
2025-11-26T01:49:24.413Z - ::1 - Guest - GET /api/pokemon
2025-11-26T01:49:24.413Z - Response: 304
2025-11-26T01:50:43.403Z - ::1 - Guest - GET /api/pokemon
2025-11-26T01:50:43.403Z - Response: 304
2025-11-26T01:56:49.419Z - ::1 - Guest - GET /api/pokemon
2025-11-26T01:56:49.419Z - Response: 400
2025-11-26T01:59:31.809Z - ::1 - Guest - GET /api/pokemon
2025-11-26T01:59:31.809Z - Response: 400
2025-11-26T01:59:31.811Z - ::1 - Guest - GET /api/pokemon
2025-11-26T01:59:31.811Z - Response: 400
2025-11-26T01:59:32.872Z - ::1 - Guest - GET /api/pokemon
2025-11-26T01:59:32.872Z - Response: 400
2025-11-26T01:59:32.875Z - ::1 - Guest - GET /api/pokemon
2025-11-26T01:59:32.875Z - Response: 400
2025-11-26T01:59:33.431Z - ::1 - Guest - GET /api/pokemon
2025-11-26T01:59:33.431Z - Response: 400
2025-11-26T01:59:33.434Z - ::1 - Guest - GET /api/pokemon
2025-11-26T01:59:33.434Z - Response: 400
2025-11-26T02:00:29.207Z - ::1 - Guest - GET /api/pokemon
2025-11-26T02:00:29.207Z - Response: 400
2025-11-26T02:00:29.210Z - ::1 - Guest - GET /api/pokemon
2025-11-26T02:00:29.210Z - Response: 400
2025-11-26T02:00:49.451Z - ::1 - Guest - GET /api/pokemon
2025-11-26T02:00:49.451Z - Response: 400
2025-11-26T02:00:49.471Z - ::1 - Guest - GET /api/pokemon
2025-11-26T02:00:49.471Z - Response: 400
2025-11-26T02:01:05.222Z - ::1 - Guest - GET /api/pokemon
2025-11-26T02:01:05.222Z - Response: 400
2025-11-26T02:01:05.225Z - ::1 - Guest - GET /api/pokemon
2025-11-26T02:01:05.225Z - Response: 400
2025-11-26T02:01:22.730Z - ::1 - Guest - GET /api/pokemon
2025-11-26T02:01:22.730Z - Response: 400
2025-11-26T02:01:22.750Z - ::1 - Guest - GET /api/pokemon
2025-11-26T02:01:22.750Z - Response: 400
2025-11-26T02:03:28.854Z - ::1 - Guest - GET /api/pokemon
2025-11-26T02:03:28.854Z - Response: 400
2025-11-26T02:03:28.859Z - ::1 - Guest - GET /api/pokemon
2025-11-26T02:03:28.859Z - Response: 400
2025-11-26T02:05:55.399Z - ::1 - Guest - GET /api/pokemon
2025-11-26T02:05:55.399Z - Response: 400
2025-11-26T02:05:55.402Z - ::1 - Guest - GET /api/pokemon
2025-11-26T02:05:55.402Z - Response: 400
2025-11-26T02:05:56.617Z - ::1 - Guest - GET /api/pokemon
2025-11-26T02:05:56.617Z - Response: 400
2025-11-26T02:05:56.621Z - ::1 - Guest - GET /api/pokemon
2025-11-26T02:05:56.621Z - Response: 400
2025-11-26T02:06:51.702Z - ::1 - Guest - POST /api/auth/login
2025-11-26T02:06:51.702Z - Response: 200
2025-11-26T02:06:52.008Z - ::1 - Guest - GET /api/pokemon
2025-11-26T02:06:52.008Z - Response: 400
2025-11-26T02:06:52.011Z - ::1 - Guest - GET /api/pokemon
2025-11-26T02:06:52.011Z - Response: 200
2025-11-26T02:11:33.017Z - ::1 - Guest - GET /api/pokemon
2025-11-26T02:11:33.017Z - Response: 304
2025-11-26T02:11:33.082Z - ::1 - Guest - GET /api/pokemon
2025-11-26T02:11:33.082Z - Response: 304
2025-11-26T02:12:12.733Z - ::1 - Guest - GET /api/pokemon
2025-11-26T02:12:12.733Z - Response: 304
2025-11-26T02:12:12.740Z - ::1 - Guest - GET /api/pokemon
2025-11-26T02:12:12.740Z - Response: 304
2025-11-26T02:23:33.543Z - ::1 - Guest - GET /api/pokemon
2025-11-26T02:23:33.543Z - Response: 304
2025-11-26T02:23:33.549Z - ::1 - Guest - GET /api/pokemon
2025-11-26T02:23:33.549Z - Response: 304
2025-11-26T02:25:41.431Z - ::1 - Guest - GET /api/pokemon
2025-11-26T02:25:41.431Z - Response: 304
2025-11-26T02:25:56.114Z - ::1 - Guest - GET /api/pokemon
2025-11-26T02:25:56.114Z - Response: 304
2025-11-26T02:25:56.123Z - ::1 - Guest - GET /api/pokemon
2025-11-26T02:25:56.123Z - Response: 304
2025-11-26T02:25:58.486Z - ::1 - Guest - GET /api/pokemon
2025-11-26T02:25:58.486Z - Response: 304
2025-11-26T02:25:58.491Z - ::1 - Guest - GET /api/pokemon
2025-11-26T02:25:58.491Z - Response: 304
2025-11-26T02:26:49.422Z - ::1 - Guest - GET /api/pokemon
2025-11-26T02:26:49.422Z - Response: 304
2025-11-26T02:27:04.989Z - ::1 - Guest - GET /api/pokemon
2025-11-26T02:27:04.989Z - Response: 304
2025-11-26T02:27:04.994Z - ::1 - Guest - GET /api/pokemon
2025-11-26T02:27:04.994Z - Response: 304
2025-11-26T02:27:06.011Z - ::1 - Guest - GET /api/pokemon
2025-11-26T02:27:06.011Z - Response: 304
2025-11-26T02:27:06.015Z - ::1 - Guest - GET /api/pokemon
2025-11-26T02:27:06.015Z - Response: 304
2025-11-26T02:27:40.430Z - ::1 - Guest - GET /api/pokemon
2025-11-26T02:27:40.430Z - Response: 304
2025-11-26T02:27:55.365Z - ::1 - Guest - GET /api/pokemon
2025-11-26T02:27:55.365Z - Response: 304
2025-11-26T02:27:55.370Z - ::1 - Guest - GET /api/pokemon
2025-11-26T02:27:55.370Z - Response: 304
2025-11-26T02:27:56.428Z - ::1 - Guest - GET /api/pokemon
2025-11-26T02:27:56.428Z - Response: 304
2025-11-26T02:27:56.432Z - ::1 - Guest - GET /api/pokemon
2025-11-26T02:27:56.432Z - Response: 304
2025-11-26T02:28:10.024Z - ::1 - Guest - GET /api/pokemon
2025-11-26T02:28:10.024Z - Response: 304
2025-11-26T02:28:10.026Z - ::1 - Guest - GET /api/pokemon
2025-11-26T02:28:10.026Z - Response: 304
2025-11-26T02:28:13.639Z - ::1 - Guest - GET /api/pokemon
2025-11-26T02:28:13.641Z - ::1 - Guest - GET /api/pokemon
2025-11-26T02:28:13.639Z - Response: 200
2025-11-26T02:28:13.641Z - Response: 200
2025-11-26T02:32:02.940Z - ::1 - Guest - GET /api/pokemon
2025-11-26T02:32:02.940Z - Response: 304
2025-11-26T02:32:02.945Z - ::1 - Guest - GET /api/pokemon
2025-11-26T02:32:02.945Z - Response: 304
2025-11-26T02:32:52.933Z - ::1 - Guest - GET /api/pokemon
2025-11-26T02:32:52.937Z - ::1 - Guest - GET /api/pokemon
2025-11-26T02:32:52.933Z - Response: 200
2025-11-26T02:32:52.937Z - Response: 200
2025-11-26T02:35:00.432Z - ::1 - Guest - GET /api/pokemon
2025-11-26T02:35:00.432Z - Response: 304
2025-11-26T02:35:27.393Z - ::1 - Guest - GET /api/pokemon
2025-11-26T02:35:27.393Z - Response: 304
2025-11-26T02:35:34.417Z - ::1 - Guest - GET /api/pokemon
2025-11-26T02:35:34.417Z - Response: 304
2025-11-26T02:35:36.653Z - ::1 - Guest - GET /api/pokemon
2025-11-26T02:35:36.653Z - Response: 304
2025-11-26T02:35:36.657Z - ::1 - Guest - GET /api/pokemon
2025-11-26T02:35:36.657Z - Response: 304
2025-11-26T03:09:27.570Z - ::1 - Guest - GET /api/pokemon
2025-11-26T03:09:27.570Z - Response: 304
2025-11-26T03:09:27.577Z - ::1 - Guest - GET /api/pokemon
2025-11-26T03:09:27.577Z - Response: 304
2025-11-27T12:19:06.945Z - ::1 - Guest - POST /api/auth/login
2025-11-27T12:19:06.945Z - Response: 200
2025-11-27T12:19:07.212Z - ::1 - Guest - GET /api/pokemon
2025-11-27T12:19:07.212Z - Response: 401
2025-11-27T12:19:07.218Z - ::1 - Guest - GET /api/pokemon
2025-11-27T12:19:07.218Z - Response: 200
2025-11-27T12:19:14.558Z - ::1 - Guest - GET /api/pokemon
2025-11-27T12:19:14.558Z - Response: 304
2025-11-27T12:19:14.561Z - ::1 - Guest - GET /api/pokemon
2025-11-27T12:19:14.561Z - Response: 304
2025-11-27T12:27:09.031Z - ::1 - Guest - GET /api/pokemon
2025-11-27T12:27:09.031Z - Response: 304
2025-11-27T12:27:09.038Z - ::1 - Guest - GET /api/pokemon
2025-11-27T12:27:09.038Z - Response: 304
2025-11-27T12:27:09.661Z - ::1 - Guest - GET /api/pokemon
2025-11-27T12:27:09.661Z - Response: 304
2025-11-27T12:27:09.664Z - ::1 - Guest - GET /api/pokemon
2025-11-27T12:27:09.664Z - Response: 304
2025-11-27T12:27:10.233Z - ::1 - Guest - GET /api/pokemon
2025-11-27T12:27:10.233Z - Response: 304
2025-11-27T12:27:10.236Z - ::1 - Guest - GET /api/pokemon
2025-11-27T12:27:10.236Z - Response: 304
2025-11-27T12:27:10.394Z - ::1 - Guest - GET /api/pokemon
2025-11-27T12:27:10.394Z - Response: 200
2025-11-27T12:27:10.397Z - ::1 - Guest - GET /api/pokemon
2025-11-27T12:27:10.397Z - Response: 304
2025-11-27T12:27:10.714Z - ::1 - Guest - GET /api/pokemon
2025-11-27T12:27:10.714Z - Response: 304
2025-11-27T12:27:10.716Z - ::1 - Guest - GET /api/pokemon
2025-11-27T12:27:10.716Z - Response: 304
2025-11-27T12:27:11.014Z - ::1 - Guest - GET /api/pokemon
2025-11-27T12:27:11.014Z - Response: 304
2025-11-27T12:27:11.016Z - ::1 - Guest - GET /api/pokemon
2025-11-27T12:27:11.016Z - Response: 304
2025-11-27T12:27:11.185Z - ::1 - Guest - GET /api/pokemon
2025-11-27T12:27:11.185Z - Response: 304
2025-11-27T12:27:11.187Z - ::1 - Guest - GET /api/pokemon
2025-11-27T12:27:11.187Z - Response: 304
2025-11-27T12:27:12.375Z - ::1 - Guest - GET /api/pokemon
2025-11-27T12:27:12.375Z - Response: 200
2025-11-27T12:27:12.377Z - ::1 - Guest - GET /api/pokemon
2025-11-27T12:27:12.377Z - Response: 200
2025-11-27T13:05:59.786Z - ::1 - Guest - GET /api/pokemon
2025-11-27T13:05:59.786Z - Response: 304
2025-11-27T13:05:59.789Z - ::1 - Guest - GET /api/pokemon
2025-11-27T13:05:59.789Z - Response: 304
2025-11-27T13:07:55.785Z - ::1 - Guest - GET /api/pokemon
2025-11-27T13:07:55.785Z - Response: 304
2025-11-27T13:07:55.787Z - ::1 - Guest - GET /api/pokemon
2025-11-27T13:07:55.787Z - Response: 304
2025-11-27T13:08:08.354Z - ::1 - Guest - GET /api/pokemon
2025-11-27T13:08:08.354Z - Response: 304
2025-11-27T13:08:08.355Z - ::1 - Guest - GET /api/pokemon
2025-11-27T13:08:08.355Z - Response: 304
2025-11-27T13:08:19.413Z - ::1 - Guest - GET /api/pokemon
2025-11-27T13:08:19.413Z - Response: 200
2025-11-27T13:08:19.416Z - ::1 - Guest - GET /api/pokemon
2025-11-27T13:08:19.416Z - Response: 200
2025-11-27T13:08:37.753Z - ::1 - Guest - POST /api/auth/login
2025-11-27T13:08:37.753Z - Response: 401
2025-11-27T13:08:45.571Z - ::1 - Guest - POST /api/auth/login
2025-11-27T13:08:45.571Z - Response: 200
2025-11-27T13:08:45.720Z - ::1 - Guest - GET /api/pokemon
2025-11-27T13:08:45.720Z - Response: 304
2025-11-27T13:08:45.723Z - ::1 - Guest - GET /api/pokemon
2025-11-27T13:08:45.723Z - Response: 304
2025-11-27T13:09:25.813Z - ::1 - Guest - GET /api/pokemon?search=1
2025-11-27T13:09:25.813Z - Response: 200
2025-11-27T13:09:30.002Z - ::1 - Guest - GET /api/pokemon?search=char
2025-11-27T13:09:30.002Z - Response: 200
2025-11-27T13:10:42.969Z - ::1 - Guest - GET /api/pokemon?search=s
2025-11-27T13:10:42.969Z - Response: 200
2025-11-27T13:14:13.880Z - ::1 - Guest - GET /api/pokemon?search=1
2025-11-27T13:14:13.880Z - Response: 304
2025-11-27T13:15:29.800Z - ::1 - Guest - GET /api/pokemon?search=asdasd
2025-11-27T13:15:29.800Z - Response: 200
2025-11-27T13:15:35.188Z - ::1 - Guest - GET /api/pokemon
2025-11-27T13:15:35.188Z - Response: 304
2025-11-27T13:15:35.191Z - ::1 - Guest - GET /api/pokemon
2025-11-27T13:15:35.191Z - Response: 304
2025-11-27T13:15:40.834Z - ::1 - Guest - GET /api/pokemon?search=32
2025-11-27T13:15:40.834Z - Response: 200
2025-11-27T13:17:23.744Z - ::1 - Guest - GET /api/pokemon
2025-11-27T13:17:23.744Z - Response: 304
2025-11-27T13:17:36.428Z - ::1 - Guest - GET /api/pokemon?search=65411
2025-11-27T13:17:36.428Z - Response: 200
2025-11-27T16:46:51.873Z - ::1 - Guest - GET /api/pokemon
2025-11-27T16:46:51.873Z - Response: 304
2025-11-27T16:49:22.862Z - ::1 - Guest - GET /api/pokemon
2025-11-27T16:49:22.862Z - Response: 304
2025-11-27T17:00:33.189Z - ::1 - Guest - GET /api/pokemon
2025-11-27T17:00:33.189Z - Response: 304
2025-11-27T17:00:33.192Z - ::1 - Guest - GET /api/pokemon
2025-11-27T17:00:33.192Z - Response: 304
2025-11-27T17:00:39.744Z - ::1 - Guest - GET /api/pokemon
2025-11-27T17:00:39.744Z - Response: 304
2025-11-27T17:00:39.745Z - ::1 - Guest - GET /api/pokemon
2025-11-27T17:00:39.745Z - Response: 304
2025-11-27T17:02:17.462Z - ::1 - Guest - GET /api/pokemon
2025-11-27T17:02:17.462Z - Response: 304
2025-11-27T17:02:17.466Z - ::1 - Guest - GET /api/pokemon
2025-11-27T17:02:17.466Z - Response: 304
2025-11-27T17:03:31.853Z - ::1 - Guest - GET /api/pokemon
2025-11-27T17:03:31.853Z - Response: 304
2025-11-27T17:03:58.914Z - ::1 - Guest - GET /api/pokemon
2025-11-27T17:03:58.914Z - Response: 304
2025-11-27T17:03:58.916Z - ::1 - Guest - GET /api/pokemon
2025-11-27T17:03:58.916Z - Response: 304
2025-11-27T17:15:18.221Z - ::1 - Guest - GET /api/pokemon
2025-11-27T17:15:18.221Z - Response: 304
2025-11-27T17:15:18.225Z - ::1 - Guest - GET /api/pokemon
2025-11-27T17:15:18.225Z - Response: 304
2025-11-27T17:17:23.333Z - ::1 - Guest - GET /api/pokemon
2025-11-27T17:17:23.333Z - Response: 304
2025-11-27T17:17:23.337Z - ::1 - Guest - GET /api/pokemon
2025-11-27T17:17:23.337Z - Response: 304
2025-11-27T17:17:31.682Z - ::1 - Guest - POST /api/pokemon
2025-11-27T17:17:31.682Z - Response: 409
2025-11-27T17:17:34.091Z - ::1 - Guest - POST /api/pokemon
2025-11-27T17:17:34.091Z - Response: 409
2025-11-27T17:17:34.524Z - ::1 - Guest - POST /api/pokemon
2025-11-27T17:17:34.524Z - Response: 409
2025-11-27T17:17:34.704Z - ::1 - Guest - POST /api/pokemon
2025-11-27T17:17:34.704Z - Response: 409
2025-11-27T17:17:34.890Z - ::1 - Guest - POST /api/pokemon
2025-11-27T17:17:34.890Z - Response: 409
2025-11-27T17:17:35.065Z - ::1 - Guest - POST /api/pokemon
2025-11-27T17:17:35.065Z - Response: 409
2025-11-27T17:17:35.239Z - ::1 - Guest - POST /api/pokemon
2025-11-27T17:17:35.239Z - Response: 409
2025-11-27T17:17:35.418Z - ::1 - Guest - POST /api/pokemon
2025-11-27T17:17:35.418Z - Response: 409
2025-11-27T17:17:35.599Z - ::1 - Guest - POST /api/pokemon
2025-11-27T17:17:35.599Z - Response: 409
2025-11-27T17:17:35.777Z - ::1 - Guest - POST /api/pokemon
2025-11-27T17:17:35.777Z - Response: 409
2025-11-27T17:17:35.971Z - ::1 - Guest - POST /api/pokemon
2025-11-27T17:17:35.971Z - Response: 409
2025-11-27T17:17:36.168Z - ::1 - Guest - POST /api/pokemon
2025-11-27T17:17:36.168Z - Response: 409
2025-11-27T17:17:36.354Z - ::1 - Guest - POST /api/pokemon
2025-11-27T17:17:36.354Z - Response: 409
2025-11-27T17:22:46.000Z - ::1 - Guest - GET /api/pokemon
2025-11-27T17:22:46.000Z - Response: 304
2025-11-27T17:22:46.004Z - ::1 - Guest - GET /api/pokemon
2025-11-27T17:22:46.004Z - Response: 304
2025-11-27T17:26:49.311Z - ::1 - Guest - GET /api/pokemon
2025-11-27T17:26:49.311Z - Response: 304
2025-11-27T17:26:49.315Z - ::1 - Guest - GET /api/pokemon
2025-11-27T17:26:49.315Z - Response: 304
2025-11-27T17:26:55.618Z - ::1 - Guest - GET /api/pokemon
2025-11-27T17:26:55.618Z - Response: 304
2025-11-27T17:26:55.619Z - ::1 - Guest - GET /api/pokemon
2025-11-27T17:26:55.619Z - Response: 304
2025-11-27T18:32:48.689Z - ::1 - Guest - GET /api/pokemon
2025-11-27T18:32:48.689Z - Response: 304
2025-11-27T18:32:48.699Z - ::1 - Guest - GET /api/pokemon
2025-11-27T18:32:48.699Z - Response: 304
2025-11-27T21:05:42.221Z - ::1 - Guest - POST /api/pokemon
2025-11-27T21:05:42.221Z - Response: 409
2025-11-27T21:05:44.620Z - ::1 - Guest - POST /api/pokemon
2025-11-27T21:05:44.620Z - Response: 409
2025-11-27T21:05:45.125Z - ::1 - Guest - POST /api/pokemon
2025-11-27T21:05:45.125Z - Response: 409
2025-11-27T21:05:45.323Z - ::1 - Guest - POST /api/pokemon
2025-11-27T21:05:45.323Z - Response: 409
2025-11-27T21:05:45.503Z - ::1 - Guest - POST /api/pokemon
2025-11-27T21:05:45.503Z - Response: 409
2025-11-27T21:05:45.680Z - ::1 - Guest - POST /api/pokemon
2025-11-27T21:05:45.680Z - Response: 409
2025-11-27T21:06:10.433Z - ::1 - Guest - POST /api/pokemon
2025-11-27T21:06:10.433Z - Response: 409
2025-11-27T21:06:15.267Z - ::1 - Guest - GET /api/pokemon
2025-11-27T21:06:15.267Z - Response: 304
2025-11-27T21:06:15.272Z - ::1 - Guest - GET /api/pokemon
2025-11-27T21:06:15.272Z - Response: 304
2025-11-27T21:06:16.307Z - ::1 - Guest - GET /api/pokemon
2025-11-27T21:06:16.307Z - Response: 304
2025-11-27T21:06:16.309Z - ::1 - Guest - GET /api/pokemon
2025-11-27T21:06:16.309Z - Response: 304
2025-11-27T21:06:22.528Z - ::1 - Guest - POST /api/pokemon
2025-11-27T21:06:22.528Z - Response: 409
2025-11-27T21:09:34.848Z - ::1 - Guest - POST /api/pokemon
2025-11-27T21:09:34.848Z - Response: 409
2025-11-27T21:11:09.320Z - ::1 - Guest - POST /api/pokemon
2025-11-27T21:11:09.320Z - Response: 409
2025-11-27T21:11:09.935Z - ::1 - Guest - POST /api/pokemon
2025-11-27T21:11:09.935Z - Response: 409
2025-11-27T21:13:43.832Z - ::1 - Guest - POST /api/pokemon
2025-11-27T21:13:43.832Z - Response: 409
2025-11-27T21:14:18.860Z - ::1 - Guest - POST /api/pokemon
2025-11-27T21:14:18.860Z - Response: 409
2025-11-27T21:14:22.451Z - ::1 - Guest - POST /api/pokemon
2025-11-27T21:14:22.451Z - Response: 409
2025-11-27T21:14:24.891Z - ::1 - Guest - POST /api/pokemon
2025-11-27T21:14:24.891Z - Response: 409
2025-11-27T21:14:25.469Z - ::1 - Guest - POST /api/pokemon
2025-11-27T21:14:25.469Z - Response: 409
2025-11-27T21:14:25.787Z - ::1 - Guest - POST /api/pokemon
2025-11-27T21:14:25.787Z - Response: 409
2025-11-27T21:14:26.136Z - ::1 - Guest - POST /api/pokemon
2025-11-27T21:14:26.136Z - Response: 409
2025-11-27T21:14:26.502Z - ::1 - Guest - POST /api/pokemon
2025-11-27T21:14:26.502Z - Response: 409
2025-11-27T21:14:26.665Z - ::1 - Guest - POST /api/pokemon
2025-11-27T21:14:26.665Z - Response: 409
2025-11-27T21:14:50.810Z - ::1 - Guest - POST /api/pokemon
2025-11-27T21:14:50.810Z - Response: 201
2025-11-27T21:14:58.021Z - ::1 - Guest - GET /api/pokemon
2025-11-27T21:14:58.021Z - Response: 200
2025-11-27T21:14:58.024Z - ::1 - Guest - GET /api/pokemon
2025-11-27T21:14:58.024Z - Response: 304
2025-11-27T21:14:59.738Z - ::1 - Guest - GET /api/pokemon
2025-11-27T21:14:59.738Z - Response: 304
2025-11-27T21:14:59.741Z - ::1 - Guest - GET /api/pokemon
2025-11-27T21:14:59.741Z - Response: 304
2025-11-27T21:15:01.251Z - ::1 - Guest - DELETE /api/pokemon/2
2025-11-27T21:15:01.251Z - Response: 200
2025-11-27T21:15:03.163Z - ::1 - Guest - GET /api/pokemon
2025-11-27T21:15:03.163Z - Response: 304
2025-11-27T21:15:03.168Z - ::1 - Guest - GET /api/pokemon
2025-11-27T21:15:03.168Z - Response: 304
2025-11-27T21:15:05.430Z - ::1 - Guest - DELETE /api/pokemon/2
2025-11-27T21:15:05.430Z - Response: 404
2025-11-27T21:15:07.426Z - ::1 - Guest - GET /api/pokemon
2025-11-27T21:15:07.426Z - Response: 304
2025-11-27T21:15:07.427Z - ::1 - Guest - GET /api/pokemon
2025-11-27T21:15:07.427Z - Response: 304
2025-11-27T21:15:09.045Z - ::1 - Guest - GET /api/pokemon
2025-11-27T21:15:09.045Z - Response: 304
2025-11-27T21:15:09.046Z - ::1 - Guest - GET /api/pokemon
2025-11-27T21:15:09.046Z - Response: 304
2025-11-27T21:15:09.988Z - ::1 - Guest - DELETE /api/pokemon/2
2025-11-27T21:15:09.988Z - Response: 404
2025-11-27T21:15:12.120Z - ::1 - Guest - GET /api/pokemon
2025-11-27T21:15:12.120Z - Response: 304
2025-11-27T21:15:12.121Z - ::1 - Guest - GET /api/pokemon
2025-11-27T21:15:12.121Z - Response: 304
2025-11-27T21:15:22.020Z - ::1 - Guest - GET /api/pokemon
2025-11-27T21:15:22.020Z - Response: 200
2025-11-27T21:15:22.022Z - ::1 - Guest - GET /api/pokemon
2025-11-27T21:15:22.022Z - Response: 200
2025-11-27T21:15:26.894Z - ::1 - Guest - GET /api/pokemon
2025-11-27T21:15:26.894Z - Response: 200
2025-11-27T21:15:26.895Z - ::1 - Guest - GET /api/pokemon
2025-11-27T21:15:26.895Z - Response: 200
2025-11-27T21:15:28.238Z - ::1 - Guest - GET /api/pokemon
2025-11-27T21:15:28.238Z - Response: 200
2025-11-27T21:15:28.242Z - ::1 - Guest - GET /api/pokemon
2025-11-27T21:15:28.242Z - Response: 304
2025-11-27T21:15:30.114Z - ::1 - Guest - GET /api/pokemon
2025-11-27T21:15:30.114Z - Response: 304
2025-11-27T21:15:30.116Z - ::1 - Guest - GET /api/pokemon
2025-11-27T21:15:30.116Z - Response: 304
2025-11-27T21:15:33.975Z - ::1 - Guest - GET /api/pokemon
2025-11-27T21:15:33.975Z - Response: 304
2025-11-27T21:15:33.977Z - ::1 - Guest - GET /api/pokemon
2025-11-27T21:15:33.977Z - Response: 304
2025-11-27T21:17:11.745Z - ::1 - Guest - POST /api/pokemon
2025-11-27T21:17:11.745Z - Response: 201
2025-11-27T21:17:13.294Z - ::1 - Guest - GET /api/pokemon
2025-11-27T21:17:13.294Z - Response: 200
2025-11-27T21:17:13.297Z - ::1 - Guest - GET /api/pokemon
2025-11-27T21:17:13.297Z - Response: 304
2025-11-27T21:21:45.063Z - ::1 - Guest - DELETE /api/pokemon/2
2025-11-27T21:21:45.063Z - Response: 200
2025-11-27T21:21:48.296Z - ::1 - Guest - GET /api/pokemon
2025-11-27T21:21:48.296Z - Response: 200
2025-11-27T21:21:48.300Z - ::1 - Guest - GET /api/pokemon
2025-11-27T21:21:48.300Z - Response: 304
2025-11-27T21:21:56.145Z - ::1 - Guest - POST /api/pokemon
2025-11-27T21:21:56.145Z - Response: 201
2025-11-27T21:21:57.707Z - ::1 - Guest - GET /api/pokemon
2025-11-27T21:21:57.707Z - Response: 200
2025-11-27T21:21:57.712Z - ::1 - Guest - GET /api/pokemon
2025-11-27T21:21:57.712Z - Response: 304
2025-11-27T21:22:01.952Z - ::1 - Guest - GET /api/pokemon
2025-11-27T21:22:01.952Z - Response: 304
2025-11-27T21:22:01.954Z - ::1 - Guest - GET /api/pokemon
2025-11-27T21:22:01.954Z - Response: 304
2025-11-27T21:22:03.077Z - ::1 - Guest - GET /api/pokemon
2025-11-27T21:22:03.077Z - Response: 304
2025-11-27T21:22:03.079Z - ::1 - Guest - GET /api/pokemon
2025-11-27T21:22:03.079Z - Response: 304
2025-11-27T21:22:03.931Z - ::1 - Guest - GET /api/pokemon
2025-11-27T21:22:03.931Z - Response: 304
2025-11-27T21:22:03.934Z - ::1 - Guest - GET /api/pokemon
2025-11-27T21:22:03.934Z - Response: 304
2025-11-27T21:22:04.611Z - ::1 - Guest - GET /api/pokemon
2025-11-27T21:22:04.611Z - Response: 304
2025-11-27T21:22:04.612Z - ::1 - Guest - GET /api/pokemon
2025-11-27T21:22:04.612Z - Response: 304
2025-11-27T21:22:16.298Z - ::1 - Guest - GET /api/pokemon
2025-11-27T21:22:16.298Z - Response: 304
2025-11-27T21:22:16.300Z - ::1 - Guest - GET /api/pokemon
2025-11-27T21:22:16.300Z - Response: 304
2025-11-27T21:22:17.210Z - ::1 - Guest - GET /api/pokemon
2025-11-27T21:22:17.210Z - Response: 304
2025-11-27T21:22:17.213Z - ::1 - Guest - GET /api/pokemon
2025-11-27T21:22:17.213Z - Response: 304
2025-11-27T21:22:19.031Z - ::1 - Guest - GET /api/pokemon
2025-11-27T21:22:19.032Z - ::1 - Guest - GET /api/pokemon
2025-11-27T21:22:19.031Z - Response: 200
2025-11-27T21:22:19.032Z - Response: 200
2025-11-27T21:22:48.925Z - ::1 - Guest - DELETE /api/pokemon/3
2025-11-27T21:22:48.925Z - Response: 200
2025-11-27T21:22:51.838Z - ::1 - Guest - GET /api/pokemon
2025-11-27T21:22:51.838Z - Response: 200
2025-11-27T21:22:51.841Z - ::1 - Guest - GET /api/pokemon
2025-11-27T21:22:51.841Z - Response: 304
2025-11-27T21:22:52.960Z - ::1 - Guest - GET /api/pokemon
2025-11-27T21:22:52.960Z - Response: 304
2025-11-27T21:22:52.963Z - ::1 - Guest - GET /api/pokemon
2025-11-27T21:22:52.963Z - Response: 304
2025-11-27T21:22:54.826Z - ::1 - Guest - GET /api/pokemon
2025-11-27T21:22:54.826Z - Response: 200
2025-11-27T21:22:54.827Z - ::1 - Guest - GET /api/pokemon
2025-11-27T21:22:54.827Z - Response: 200
2025-11-27T21:24:13.790Z - ::1 - Guest - GET /api/pokemon
2025-11-27T21:24:13.790Z - Response: 304
2025-11-27T21:24:13.793Z - ::1 - Guest - GET /api/pokemon
2025-11-27T21:24:13.793Z - Response: 304
2025-11-27T21:26:27.607Z - ::1 - Guest - POST /api/pokemon
2025-11-27T21:26:27.607Z - Response: 201
2025-11-27T21:26:29.166Z - ::1 - Guest - GET /api/pokemon
2025-11-27T21:26:29.166Z - Response: 200
2025-11-27T21:26:29.173Z - ::1 - Guest - GET /api/pokemon
2025-11-27T21:26:29.173Z - Response: 304
2025-11-27T21:26:32.839Z - ::1 - Guest - DELETE /api/pokemon/2
2025-11-27T21:26:32.839Z - Response: 200
2025-11-27T21:26:35.329Z - ::1 - Guest - GET /api/pokemon
2025-11-27T21:26:35.329Z - Response: 304
2025-11-27T21:26:35.331Z - ::1 - Guest - GET /api/pokemon
2025-11-27T21:26:35.331Z - Response: 304
2025-11-27T21:26:36.306Z - ::1 - Guest - GET /api/pokemon
2025-11-27T21:26:36.306Z - Response: 304
2025-11-27T21:26:36.307Z - ::1 - Guest - GET /api/pokemon
2025-11-27T21:26:36.307Z - Response: 304
2025-11-27T21:26:37.250Z - ::1 - Guest - GET /api/pokemon
2025-11-27T21:26:37.250Z - Response: 304
2025-11-27T21:26:37.252Z - ::1 - Guest - GET /api/pokemon
2025-11-27T21:26:37.252Z - Response: 304
2025-11-27T21:26:37.651Z - ::1 - Guest - DELETE /api/pokemon/2
2025-11-27T21:26:37.651Z - Response: 404
2025-11-27T21:26:38.455Z - ::1 - Guest - GET /api/pokemon
2025-11-27T21:26:38.455Z - Response: 304
2025-11-27T21:26:38.457Z - ::1 - Guest - GET /api/pokemon
2025-11-27T21:26:38.457Z - Response: 304
2025-11-27T21:26:40.165Z - ::1 - Guest - GET /api/pokemon
2025-11-27T21:26:40.165Z - Response: 200
2025-11-27T21:26:40.166Z - ::1 - Guest - GET /api/pokemon
2025-11-27T21:26:40.166Z - Response: 200
2025-11-27T21:26:43.071Z - ::1 - Guest - GET /api/pokemon
2025-11-27T21:26:43.071Z - Response: 304
2025-11-27T21:26:43.073Z - ::1 - Guest - GET /api/pokemon
2025-11-27T21:26:43.073Z - Response: 304
2025-11-27T21:26:45.405Z - ::1 - Guest - GET /api/pokemon
2025-11-27T21:26:45.405Z - Response: 304
2025-11-27T21:26:45.406Z - ::1 - Guest - GET /api/pokemon
2025-11-27T21:26:45.406Z - Response: 304
2025-11-27T21:26:47.040Z - ::1 - Guest - GET /api/pokemon
2025-11-27T21:26:47.040Z - Response: 304
2025-11-27T21:26:47.043Z - ::1 - Guest - GET /api/pokemon
2025-11-27T21:26:47.043Z - Response: 304
2025-11-27T21:26:48.141Z - ::1 - Guest - GET /api/pokemon
2025-11-27T21:26:48.141Z - Response: 304
2025-11-27T21:26:48.144Z - ::1 - Guest - GET /api/pokemon
2025-11-27T21:26:48.144Z - Response: 304
2025-11-27T21:26:57.201Z - ::1 - Guest - GET /api/pokemon
2025-11-27T21:26:57.201Z - Response: 304
2025-11-27T21:26:57.204Z - ::1 - Guest - GET /api/pokemon
2025-11-27T21:26:57.204Z - Response: 304
2025-11-27T21:26:59.035Z - ::1 - Guest - GET /api/pokemon
2025-11-27T21:26:59.035Z - Response: 200
2025-11-27T21:26:59.036Z - ::1 - Guest - GET /api/pokemon
2025-11-27T21:26:59.036Z - Response: 200
2025-11-27T21:27:01.273Z - ::1 - Guest - GET /api/pokemon
2025-11-27T21:27:01.274Z - ::1 - Guest - GET /api/pokemon
2025-11-27T21:27:01.273Z - Response: 200
2025-11-27T21:27:01.274Z - Response: 200
2025-11-27T21:29:45.997Z - ::1 - Guest - GET /api/pokemon
2025-11-27T21:29:45.997Z - Response: 304
2025-11-27T21:39:49.261Z - ::1 - Guest - POST /api/pokemon
2025-11-27T21:39:49.261Z - Response: 409
2025-11-27T21:40:01.626Z - ::1 - Guest - POST /api/pokemon
2025-11-27T21:40:01.626Z - Response: 201
2025-11-27T21:40:03.187Z - ::1 - Guest - GET /api/pokemon
2025-11-27T21:40:03.187Z - Response: 200
2025-11-27T21:40:03.196Z - ::1 - Guest - GET /api/pokemon
2025-11-27T21:40:03.196Z - Response: 304
2025-11-27T21:40:11.801Z - ::1 - Guest - DELETE /api/pokemon/12
2025-11-27T21:40:11.801Z - Response: 200
2025-11-27T21:40:13.598Z - ::1 - Guest - GET /api/pokemon
2025-11-27T21:40:13.598Z - Response: 304
2025-11-27T21:40:13.600Z - ::1 - Guest - GET /api/pokemon
2025-11-27T21:40:13.600Z - Response: 304
2025-11-27T21:40:16.619Z - ::1 - Guest - DELETE /api/pokemon/12
2025-11-27T21:40:16.619Z - Response: 404
2025-11-27T21:40:18.670Z - ::1 - Guest - GET /api/pokemon
2025-11-27T21:40:18.670Z - Response: 304
2025-11-27T21:40:18.672Z - ::1 - Guest - GET /api/pokemon
2025-11-27T21:40:18.672Z - Response: 304
2025-11-27T21:40:19.527Z - ::1 - Guest - GET /api/pokemon
2025-11-27T21:40:19.527Z - Response: 304
2025-11-27T21:40:19.529Z - ::1 - Guest - GET /api/pokemon
2025-11-27T21:40:19.529Z - Response: 304
2025-11-27T21:40:21.355Z - ::1 - Guest - GET /api/pokemon
2025-11-27T21:40:21.355Z - Response: 200
2025-11-27T21:40:21.356Z - ::1 - Guest - GET /api/pokemon
2025-11-27T21:40:21.356Z - Response: 200
2025-11-27T21:40:22.366Z - ::1 - Guest - GET /api/pokemon
2025-11-27T21:40:22.366Z - Response: 200
2025-11-27T21:40:22.367Z - ::1 - Guest - GET /api/pokemon
2025-11-27T21:40:22.367Z - Response: 200
2025-11-27T21:40:24.774Z - ::1 - Guest - GET /api/pokemon
2025-11-27T21:40:24.774Z - Response: 200
2025-11-27T21:40:24.775Z - ::1 - Guest - GET /api/pokemon
2025-11-27T21:40:24.775Z - Response: 200
2025-11-27T21:40:26.451Z - ::1 - Guest - GET /api/pokemon
2025-11-27T21:40:26.451Z - Response: 200
2025-11-27T21:40:26.452Z - ::1 - Guest - GET /api/pokemon
2025-11-27T21:40:26.452Z - Response: 200
2025-11-27T21:40:29.071Z - ::1 - Guest - GET /api/pokemon
2025-11-27T21:40:29.071Z - Response: 304
2025-11-27T21:40:29.073Z - ::1 - Guest - GET /api/pokemon
2025-11-27T21:40:29.073Z - Response: 304
2025-11-27T21:41:58.198Z - ::1 - Guest - GET /api/pokemon
2025-11-27T21:41:58.198Z - Response: 200
2025-11-27T21:41:58.204Z - ::1 - Guest - GET /api/pokemon
2025-11-27T21:41:58.204Z - Response: 304
2025-11-27T21:43:41.781Z - ::1 - Guest - GET /api/pokemon
2025-11-27T21:43:41.781Z - Response: 304
2025-11-27T21:43:41.785Z - ::1 - Guest - GET /api/pokemon
2025-11-27T21:43:41.785Z - Response: 304
2025-11-27T21:44:04.969Z - ::1 - Guest - POST /api/pokemon
2025-11-27T21:44:04.969Z - Response: 201
2025-11-27T21:44:06.520Z - ::1 - Guest - GET /api/pokemon
2025-11-27T21:44:06.520Z - Response: 200
2025-11-27T21:44:06.525Z - ::1 - Guest - GET /api/pokemon
2025-11-27T21:44:06.525Z - Response: 304
2025-11-27T21:44:11.279Z - ::1 - Guest - GET /api/pokemon
2025-11-27T21:44:11.279Z - Response: 304
2025-11-27T21:44:11.281Z - ::1 - Guest - GET /api/pokemon
2025-11-27T21:44:11.281Z - Response: 304
2025-11-27T21:44:12.238Z - ::1 - Guest - GET /api/pokemon
2025-11-27T21:44:12.238Z - Response: 200
2025-11-27T21:44:12.241Z - ::1 - Guest - GET /api/pokemon
2025-11-27T21:44:12.241Z - Response: 304
2025-11-27T21:44:12.899Z - ::1 - Guest - GET /api/pokemon
2025-11-27T21:44:12.899Z - Response: 304
2025-11-27T21:44:12.901Z - ::1 - Guest - GET /api/pokemon
2025-11-27T21:44:12.901Z - Response: 304
2025-11-27T21:44:18.902Z - ::1 - Guest - DELETE /api/pokemon/2
2025-11-27T21:44:18.902Z - Response: 200
2025-11-27T21:44:18.913Z - ::1 - Guest - GET /api/pokemon
2025-11-27T21:44:18.913Z - Response: 304
2025-11-27T21:44:20.903Z - ::1 - Guest - DELETE /api/pokemon/2
2025-11-27T21:44:20.903Z - Response: 404
2025-11-27T21:44:22.269Z - ::1 - Guest - GET /api/pokemon
2025-11-27T21:44:22.269Z - Response: 304
2025-11-27T21:44:22.271Z - ::1 - Guest - GET /api/pokemon
2025-11-27T21:44:22.271Z - Response: 304
2025-11-27T21:44:24.580Z - ::1 - Guest - DELETE /api/pokemon/2
2025-11-27T21:44:24.580Z - Response: 404
2025-11-27T21:46:56.386Z - ::1 - Guest - GET /api/pokemon
2025-11-27T21:46:56.386Z - Response: 200
2025-11-27T21:46:56.390Z - ::1 - Guest - GET /api/pokemon
2025-11-27T21:46:56.390Z - Response: 304
2025-11-27T21:47:04.895Z - ::1 - Guest - POST /api/pokemon
2025-11-27T21:47:04.895Z - Response: 201
2025-11-27T21:47:06.461Z - ::1 - Guest - GET /api/pokemon
2025-11-27T21:47:06.461Z - Response: 200
2025-11-27T21:47:06.465Z - ::1 - Guest - GET /api/pokemon
2025-11-27T21:47:06.465Z - Response: 304
2025-11-27T21:47:09.439Z - ::1 - Guest - GET /api/pokemon
2025-11-27T21:47:09.439Z - Response: 304
2025-11-27T21:47:09.442Z - ::1 - Guest - GET /api/pokemon
2025-11-27T21:47:09.442Z - Response: 304
2025-11-27T21:47:10.350Z - ::1 - Guest - GET /api/pokemon
2025-11-27T21:47:10.350Z - Response: 304
2025-11-27T21:47:10.352Z - ::1 - Guest - GET /api/pokemon
2025-11-27T21:47:10.352Z - Response: 304
2025-11-27T21:47:11.073Z - ::1 - Guest - GET /api/pokemon
2025-11-27T21:47:11.073Z - Response: 304
2025-11-27T21:47:11.075Z - ::1 - Guest - GET /api/pokemon
2025-11-27T21:47:11.075Z - Response: 304
2025-11-27T21:47:11.766Z - ::1 - Guest - GET /api/pokemon
2025-11-27T21:47:11.766Z - Response: 304
2025-11-27T21:47:11.767Z - ::1 - Guest - GET /api/pokemon
2025-11-27T21:47:11.767Z - Response: 304
2025-11-27T21:47:12.454Z - ::1 - Guest - GET /api/pokemon
2025-11-27T21:47:12.454Z - Response: 304
2025-11-27T21:47:12.455Z - ::1 - Guest - GET /api/pokemon
2025-11-27T21:47:12.455Z - Response: 304
2025-11-27T21:47:13.107Z - ::1 - Guest - GET /api/pokemon
2025-11-27T21:47:13.107Z - Response: 304
2025-11-27T21:47:13.109Z - ::1 - Guest - GET /api/pokemon
2025-11-27T21:47:13.109Z - Response: 304
2025-11-27T21:47:13.726Z - ::1 - Guest - GET /api/pokemon
2025-11-27T21:47:13.726Z - Response: 304
2025-11-27T21:47:13.728Z - ::1 - Guest - GET /api/pokemon
2025-11-27T21:47:13.728Z - Response: 304
2025-11-27T21:47:14.381Z - ::1 - Guest - GET /api/pokemon
2025-11-27T21:47:14.381Z - Response: 304
2025-11-27T21:47:14.384Z - ::1 - Guest - GET /api/pokemon
2025-11-27T21:47:14.384Z - Response: 304
2025-11-27T21:47:19.629Z - ::1 - Guest - GET /api/pokemon
2025-11-27T21:47:19.629Z - Response: 304
2025-11-27T21:47:19.630Z - ::1 - Guest - GET /api/pokemon
2025-11-27T21:47:19.630Z - Response: 304
2025-11-27T21:47:20.397Z - ::1 - Guest - GET /api/pokemon
2025-11-27T21:47:20.397Z - Response: 304
2025-11-27T21:47:20.398Z - ::1 - Guest - GET /api/pokemon
2025-11-27T21:47:20.398Z - Response: 304
2025-11-27T21:47:21.757Z - ::1 - Guest - GET /api/pokemon
2025-11-27T21:47:21.757Z - Response: 200
2025-11-27T21:47:21.758Z - ::1 - Guest - GET /api/pokemon
2025-11-27T21:47:21.758Z - Response: 200
2025-11-27T21:47:23.674Z - ::1 - Guest - GET /api/pokemon
2025-11-27T21:47:23.674Z - Response: 200
2025-11-27T21:47:23.675Z - ::1 - Guest - GET /api/pokemon
2025-11-27T21:47:23.675Z - Response: 200
2025-11-27T21:47:26.300Z - ::1 - Guest - GET /api/pokemon
2025-11-27T21:47:26.300Z - Response: 200
2025-11-27T21:47:26.301Z - ::1 - Guest - GET /api/pokemon
2025-11-27T21:47:26.301Z - Response: 200
2025-11-27T21:47:28.552Z - ::1 - Guest - GET /api/pokemon
2025-11-27T21:47:28.554Z - ::1 - Guest - GET /api/pokemon
2025-11-27T21:47:28.552Z - Response: 200
2025-11-27T21:47:28.554Z - Response: 200
2025-11-27T21:47:31.930Z - ::1 - Guest - DELETE /api/pokemon/2
2025-11-27T21:47:31.930Z - Response: 200
2025-11-27T21:47:31.940Z - ::1 - Guest - GET /api/pokemon
2025-11-27T21:47:31.940Z - Response: 304
2025-11-27T21:47:34.248Z - ::1 - Guest - GET /api/pokemon
2025-11-27T21:47:34.248Z - Response: 304
2025-11-27T21:47:34.250Z - ::1 - Guest - GET /api/pokemon
2025-11-27T21:47:34.250Z - Response: 304
2025-11-27T21:47:35.288Z - ::1 - Guest - GET /api/pokemon
2025-11-27T21:47:35.288Z - Response: 304
2025-11-27T21:47:35.290Z - ::1 - Guest - GET /api/pokemon
2025-11-27T21:47:35.290Z - Response: 304
2025-11-27T21:47:35.871Z - ::1 - Guest - GET /api/pokemon
2025-11-27T21:47:35.871Z - Response: 304
2025-11-27T21:47:35.873Z - ::1 - Guest - GET /api/pokemon
2025-11-27T21:47:35.873Z - Response: 304
2025-11-27T21:47:37.024Z - ::1 - Guest - GET /api/pokemon
2025-11-27T21:47:37.024Z - Response: 200
2025-11-27T21:47:37.026Z - ::1 - Guest - GET /api/pokemon
2025-11-27T21:47:37.026Z - Response: 200
2025-11-27T21:47:37.954Z - ::1 - Guest - GET /api/pokemon
2025-11-27T21:47:37.954Z - Response: 200
2025-11-27T21:47:37.955Z - ::1 - Guest - GET /api/pokemon
2025-11-27T21:47:37.955Z - Response: 200
2025-11-27T21:47:38.877Z - ::1 - Guest - GET /api/pokemon
2025-11-27T21:47:38.877Z - Response: 200
2025-11-27T21:47:38.879Z - ::1 - Guest - GET /api/pokemon
2025-11-27T21:47:38.879Z - Response: 200
2025-11-27T21:48:41.302Z - ::1 - Guest - GET /api/pokemon
2025-11-27T21:48:41.302Z - Response: 200
2025-11-27T21:48:41.306Z - ::1 - Guest - GET /api/pokemon
2025-11-27T21:48:41.306Z - Response: 304
2025-11-27T21:51:30.875Z - ::1 - Guest - GET /api/pokemon
2025-11-27T21:51:30.875Z - Response: 304
2025-11-27T21:56:34.244Z - ::1 - Guest - GET /api/pokemon
2025-11-27T21:56:34.244Z - Response: 304
2025-11-27T21:56:34.249Z - ::1 - Guest - GET /api/pokemon
2025-11-27T21:56:34.249Z - Response: 304
2025-11-27T21:56:41.841Z - ::1 - Guest - POST /api/pokemon
2025-11-27T21:56:41.841Z - Response: 201
2025-11-27T21:56:43.403Z - ::1 - Guest - GET /api/pokemon
2025-11-27T21:56:43.403Z - Response: 200
2025-11-27T21:56:43.411Z - ::1 - Guest - GET /api/pokemon
2025-11-27T21:56:43.411Z - Response: 304
2025-11-27T21:56:45.803Z - ::1 - Guest - GET /api/pokemon
2025-11-27T21:56:45.803Z - Response: 304
2025-11-27T21:56:45.805Z - ::1 - Guest - GET /api/pokemon
2025-11-27T21:56:45.805Z - Response: 304
2025-11-27T21:56:46.744Z - ::1 - Guest - GET /api/pokemon
2025-11-27T21:56:46.744Z - Response: 304
2025-11-27T21:56:46.746Z - ::1 - Guest - GET /api/pokemon
2025-11-27T21:56:46.746Z - Response: 304
2025-11-27T21:56:47.406Z - ::1 - Guest - GET /api/pokemon
2025-11-27T21:56:47.406Z - Response: 304
2025-11-27T21:56:47.409Z - ::1 - Guest - GET /api/pokemon
2025-11-27T21:56:47.409Z - Response: 304
2025-11-27T21:56:47.943Z - ::1 - Guest - GET /api/pokemon
2025-11-27T21:56:47.943Z - Response: 304
2025-11-27T21:56:47.945Z - ::1 - Guest - GET /api/pokemon
2025-11-27T21:56:47.945Z - Response: 304
2025-11-27T21:56:48.421Z - ::1 - Guest - GET /api/pokemon
2025-11-27T21:56:48.421Z - Response: 304
2025-11-27T21:56:48.422Z - ::1 - Guest - GET /api/pokemon
2025-11-27T21:56:48.422Z - Response: 304
2025-11-27T21:56:50.134Z - ::1 - Guest - GET /api/pokemon
2025-11-27T21:56:50.134Z - Response: 200
2025-11-27T21:56:50.137Z - ::1 - Guest - GET /api/pokemon
2025-11-27T21:56:50.137Z - Response: 200
2025-11-27T21:56:52.186Z - ::1 - Guest - GET /api/pokemon
2025-11-27T21:56:52.186Z - Response: 200
2025-11-27T21:56:52.188Z - ::1 - Guest - GET /api/pokemon
2025-11-27T21:56:52.188Z - Response: 200
2025-11-27T21:57:00.458Z - ::1 - Guest - GET /api/pokemon
2025-11-27T21:57:00.458Z - Response: 304
2025-11-27T21:57:00.459Z - ::1 - Guest - GET /api/pokemon
2025-11-27T21:57:00.459Z - Response: 304
2025-11-27T21:57:01.172Z - ::1 - Guest - GET /api/pokemon
2025-11-27T21:57:01.172Z - Response: 304
2025-11-27T21:57:01.174Z - ::1 - Guest - GET /api/pokemon
2025-11-27T21:57:01.174Z - Response: 304
2025-11-27T21:57:02.887Z - ::1 - Guest - GET /api/pokemon
2025-11-27T21:57:02.887Z - Response: 200
2025-11-27T21:57:02.889Z - ::1 - Guest - GET /api/pokemon
2025-11-27T21:57:02.889Z - Response: 200
2025-11-27T21:57:03.827Z - ::1 - Guest - GET /api/pokemon
2025-11-27T21:57:03.827Z - Response: 200
2025-11-27T21:57:03.829Z - ::1 - Guest - GET /api/pokemon
2025-11-27T21:57:03.829Z - Response: 200
2025-11-27T21:57:05.683Z - ::1 - Guest - GET /api/pokemon
2025-11-27T21:57:05.685Z - ::1 - Guest - GET /api/pokemon
2025-11-27T21:57:05.683Z - Response: 200
2025-11-27T21:57:05.685Z - Response: 200
2025-11-27T21:57:07.218Z - ::1 - Guest - GET /api/pokemon
2025-11-27T21:57:07.218Z - Response: 200
2025-11-27T21:57:07.219Z - ::1 - Guest - GET /api/pokemon
2025-11-27T21:57:07.219Z - Response: 200
2025-11-27T21:57:09.759Z - ::1 - Guest - DELETE /api/pokemon/24
2025-11-27T21:57:09.759Z - Response: 200
2025-11-27T21:57:09.769Z - ::1 - Guest - GET /api/pokemon
2025-11-27T21:57:09.769Z - Response: 304
2025-11-27T21:58:26.371Z - ::1 - Guest - GET /api/pokemon
2025-11-27T21:58:26.371Z - Response: 200
2025-11-27T21:58:26.374Z - ::1 - Guest - GET /api/pokemon
2025-11-27T21:58:26.374Z - Response: 304
2025-11-27T22:03:09.882Z - ::1 - Guest - GET /api/pokemon?_=1764280989874
2025-11-27T22:03:09.882Z - Response: 200
2025-11-27T22:04:37.809Z - ::1 - Guest - POST /api/pokemon
2025-11-27T22:04:37.809Z - Response: 201
2025-11-27T22:04:39.386Z - ::1 - Guest - GET /api/pokemon?_=1764281079328
2025-11-27T22:04:39.388Z - ::1 - Guest - GET /api/pokemon?_=1764281079329
2025-11-27T22:04:39.386Z - Response: 200
2025-11-27T22:04:39.388Z - Response: 200
2025-11-27T22:04:45.269Z - ::1 - Guest - DELETE /api/pokemon/3
2025-11-27T22:04:45.269Z - Response: 200
2025-11-27T22:04:45.282Z - ::1 - Guest - GET /api/pokemon?_=1764281085275
2025-11-27T22:04:45.282Z - Response: 200
2025-11-27T22:04:47.698Z - ::1 - Guest - GET /api/pokemon?_=1764281087690
2025-11-27T22:04:47.700Z - ::1 - Guest - GET /api/pokemon?_=1764281087691
2025-11-27T22:04:47.698Z - Response: 200
2025-11-27T22:04:47.700Z - Response: 200
2025-11-27T22:04:48.617Z - ::1 - Guest - GET /api/pokemon?_=1764281088608
2025-11-27T22:04:48.619Z - ::1 - Guest - GET /api/pokemon?_=1764281088609
2025-11-27T22:04:48.617Z - Response: 200
2025-11-27T22:04:48.619Z - Response: 200
2025-11-27T22:04:50.102Z - ::1 - Guest - GET /api/pokemon?_=1764281090089
2025-11-27T22:04:50.104Z - ::1 - Guest - GET /api/pokemon?_=1764281090091
2025-11-27T22:04:50.102Z - Response: 200
2025-11-27T22:04:50.104Z - Response: 200
2025-11-27T22:07:25.427Z - ::1 - Guest - GET /api/pokemon?_=1764281245419
2025-11-27T22:07:25.427Z - Response: 200
2025-11-27T22:07:25.429Z - ::1 - Guest - GET /api/pokemon?_=1764281245421
2025-11-27T22:07:25.429Z - Response: 200
2025-11-27T22:07:30.327Z - ::1 - Guest - POST /api/pokemon
2025-11-27T22:07:30.327Z - Response: 201
2025-11-27T22:07:31.973Z - ::1 - Guest - GET /api/pokemon?_=1764281251850
2025-11-27T22:07:31.973Z - Response: 200
2025-11-27T22:07:31.986Z - ::1 - Guest - GET /api/pokemon?_=1764281251851
2025-11-27T22:07:31.986Z - Response: 200
2025-11-27T22:07:33.249Z - ::1 - Guest - DELETE /api/pokemon/3
2025-11-27T22:07:33.249Z - Response: 200
2025-11-27T22:07:33.261Z - ::1 - Guest - GET /api/pokemon?_=1764281253255
2025-11-27T22:07:33.261Z - Response: 200
2025-11-27T22:07:35.156Z - ::1 - Guest - GET /api/pokemon?_=1764281255148
2025-11-27T22:07:35.157Z - ::1 - Guest - GET /api/pokemon?_=1764281255149
2025-11-27T22:07:35.156Z - Response: 200
2025-11-27T22:07:35.157Z - Response: 200
2025-11-29T13:28:14.504Z - ::1 - Guest - GET /api/pokemon?_=1764422894476
2025-11-29T13:28:14.504Z - Response: 401
2025-11-29T13:28:14.518Z - ::1 - Guest - GET /api/pokemon?_=1764422894478
2025-11-29T13:28:14.518Z - Response: 401
2025-11-29T13:28:30.589Z - ::1 - Guest - POST /api/auth/login
2025-11-29T13:28:30.589Z - Response: 200
2025-11-29T13:28:30.912Z - ::1 - Guest - GET /api/pokemon?_=1764422910839
2025-11-29T13:28:30.916Z - ::1 - Guest - GET /api/pokemon?_=1764422910840
2025-11-29T13:28:30.912Z - Response: 200
2025-11-29T13:28:30.916Z - Response: 200
2025-11-29T13:28:35.742Z - ::1 - Guest - GET /api/pokemon?_=1764422915711
2025-11-29T13:28:35.742Z - Response: 200
2025-11-29T13:28:35.746Z - ::1 - Guest - GET /api/pokemon?_=1764422915711
2025-11-29T13:28:35.746Z - Response: 304
2025-11-29T13:28:52.011Z - ::1 - Guest - GET /api/pokemon?_=1764422931997
2025-11-29T13:28:52.013Z - ::1 - Guest - GET /api/pokemon?_=1764422931999
2025-11-29T13:28:52.011Z - Response: 200
2025-11-29T13:28:52.013Z - Response: 200
2025-11-29T13:38:27.823Z - ::1 - Guest - GET /api/pokemon?page=1&limit=30&_=1764423507813
2025-11-29T13:38:27.823Z - Response: 200
2025-11-29T13:39:46.508Z - ::1 - Guest - GET /api/pokemon?page=1&limit=30&_=1764423586497
2025-11-29T13:39:46.510Z - ::1 - Guest - GET /api/pokemon?page=1&limit=30&_=1764423586498
2025-11-29T13:39:46.508Z - Response: 200
2025-11-29T13:39:46.510Z - Response: 200
2025-11-29T13:39:49.480Z - ::1 - Guest - GET /api/pokemon?page=1&limit=30&_=1764423589466
2025-11-29T13:39:49.482Z - ::1 - Guest - GET /api/pokemon?page=1&limit=30&_=1764423589467
2025-11-29T13:39:49.480Z - Response: 200
2025-11-29T13:39:49.482Z - Response: 200
2025-11-29T13:41:07.794Z - ::1 - Guest - GET /api/pokemon?page=1&limit=30&_=1764423667779
2025-11-29T13:41:07.795Z - ::1 - Guest - GET /api/pokemon?page=1&limit=30&_=1764423667781
2025-11-29T13:41:07.794Z - Response: 200
2025-11-29T13:41:07.795Z - Response: 200
2025-11-29T13:41:38.779Z - ::1 - Guest - GET /api/pokemon?page=1&limit=30&_=1764423698771
2025-11-29T13:41:38.780Z - ::1 - Guest - GET /api/pokemon?page=1&limit=30&_=1764423698772
2025-11-29T13:41:38.779Z - Response: 200
2025-11-29T13:41:38.780Z - Response: 200
2025-11-29T13:42:05.846Z - ::1 - Guest - GET /api/pokemon?page=1&limit=30&_=1764423725725
2025-11-29T13:42:05.847Z - ::1 - Guest - GET /api/pokemon?page=1&limit=30&_=1764423725726
2025-11-29T13:42:05.846Z - Response: 200
2025-11-29T13:42:05.847Z - Response: 200
2025-11-29T13:45:02.806Z - ::1 - Guest - GET /api/pokemon?page=1&limit=30&_=1764423902794
2025-11-29T13:45:02.808Z - ::1 - Guest - GET /api/pokemon?page=1&limit=30&_=1764423902797
2025-11-29T13:45:02.806Z - Response: 200
2025-11-29T13:45:02.808Z - Response: 200
2025-11-29T13:45:23.727Z - ::1 - Guest - GET /api/pokemon?page=1&limit=30&_=1764423923718
2025-11-29T13:45:23.729Z - ::1 - Guest - GET /api/pokemon?page=1&limit=30&_=1764423923720
2025-11-29T13:45:23.727Z - Response: 200
2025-11-29T13:45:23.729Z - Response: 200
2025-11-29T13:45:44.961Z - ::1 - Guest - GET /api/pokemon?page=1&limit=30&_=1764423944939
2025-11-29T13:45:45.035Z - ::1 - Guest - GET /api/pokemon?page=1&limit=30&_=1764423944940
2025-11-29T13:45:44.961Z - Response: 200
2025-11-29T13:45:45.035Z - Response: 200
2025-11-29T14:05:29.879Z - ::1 - Guest - GET /api/pokemon?page=1&limit=30&_=1764425129853
2025-11-29T14:05:29.954Z - ::1 - Guest - GET /api/pokemon?page=1&limit=30&_=1764425129854
2025-11-29T14:05:29.879Z - Response: 200
2025-11-29T14:05:29.954Z - Response: 200
2025-11-29T14:07:20.206Z - ::1 - Guest - GET /api/pokemon?page=2&limit=30&_=1764425240197
2025-11-29T14:07:20.206Z - Response: 200
2025-11-29T14:07:27.691Z - ::1 - Guest - GET /api/pokemon?page=1&limit=30&_=1764425247679
2025-11-29T14:07:27.691Z - Response: 200
2025-11-29T14:09:43.744Z - ::1 - Guest - GET /api/pokemon?page=1&limit=30&_=1764425383734
2025-11-29T14:09:43.746Z - ::1 - Guest - GET /api/pokemon?page=1&limit=30&_=1764425383735
2025-11-29T14:09:43.744Z - Response: 200
2025-11-29T14:09:43.746Z - Response: 200
2025-11-29T14:11:20.323Z - ::1 - Guest - GET /api/pokemon?page=1&limit=30&_=1764425480313
2025-11-29T14:11:20.323Z - Response: 200
2025-11-29T14:11:52.675Z - ::1 - Guest - GET /api/pokemon?page=1&limit=30&_=1764425512665
2025-11-29T14:11:52.677Z - ::1 - Guest - GET /api/pokemon?page=1&limit=30&_=1764425512667
2025-11-29T14:11:52.675Z - Response: 200
2025-11-29T14:11:52.677Z - Response: 200
2025-11-29T14:12:00.862Z - ::1 - Guest - GET /api/pokemon?page=1&limit=30&_=1764425520853
2025-11-29T14:12:00.865Z - ::1 - Guest - GET /api/pokemon?page=1&limit=30&_=1764425520854
2025-11-29T14:12:00.862Z - Response: 200
2025-11-29T14:12:00.865Z - Response: 200
2025-11-29T14:13:26.700Z - ::1 - Guest - GET /api/pokemon?page=2&limit=30&_=1764425606689
2025-11-29T14:13:26.700Z - Response: 200
2025-11-29T14:13:27.509Z - ::1 - Guest - GET /api/pokemon?page=1&limit=30&_=1764425607498
2025-11-29T14:13:27.509Z - Response: 200
2025-11-29T14:13:29.921Z - ::1 - Guest - GET /api/pokemon?page=2&limit=30&_=1764425609914
2025-11-29T14:13:29.921Z - Response: 200
2025-11-29T14:18:36.725Z - ::1 - Guest - GET /api/pokemon?page=1&limit=30&_=1764425916712
2025-11-29T14:18:36.725Z - Response: 200
2025-11-29T14:59:23.951Z - ::1 - Guest - GET /api/pokemon?page=1&limit=30&_=1764428363936
2025-11-29T14:59:23.954Z - ::1 - Guest - GET /api/pokemon?page=1&limit=30&_=1764428363938
2025-11-29T14:59:23.951Z - Response: 200
2025-11-29T14:59:23.954Z - Response: 200
2025-11-29T14:59:27.175Z - ::1 - Guest - GET /api/pokemon?page=2&limit=30&_=1764428367167
2025-11-29T14:59:27.175Z - Response: 200
2025-11-29T14:59:27.878Z - ::1 - Guest - GET /api/pokemon?page=1&limit=30&_=1764428367867
2025-11-29T14:59:27.878Z - Response: 200
2025-11-29T14:59:40.197Z - ::1 - Guest - POST /api/auth/login
2025-11-29T14:59:40.197Z - Response: 200
2025-11-29T14:59:40.367Z - ::1 - Guest - GET /api/pokemon?page=1&limit=30&_=1764428380327
2025-11-29T14:59:40.368Z - ::1 - Guest - GET /api/pokemon?page=1&limit=30&_=1764428380328
2025-11-29T14:59:40.368Z - Response: 200
2025-11-29T14:59:40.367Z - Response: 200
2025-11-29T20:17:33.859Z - ::1 - Guest - GET /api/pokemon?page=1&limit=30&_=1764447453839
2025-11-29T20:17:33.866Z - ::1 - Guest - GET /api/pokemon?page=1&limit=30&_=1764447453840
2025-11-29T20:17:33.859Z - Response: 200
2025-11-29T20:17:33.866Z - Response: 200
2025-11-29T21:10:49.285Z - ::1 - Guest - GET /api/pokemon?page=1&limit=30&_=1764450649271
2025-11-29T21:10:49.290Z - ::1 - Guest - GET /api/pokemon?page=1&limit=30&_=1764450649272
2025-11-29T21:10:49.285Z - Response: 200
2025-11-29T21:10:49.290Z - Response: 200
2025-11-29T21:10:53.203Z - ::1 - Guest - GET /api/pokemon?page=1&limit=30&_=1764450653195
2025-11-29T21:10:53.205Z - ::1 - Guest - GET /api/pokemon?page=1&limit=30&_=1764450653196
2025-11-29T21:10:53.203Z - Response: 200
2025-11-29T21:10:53.205Z - Response: 200
2025-11-29T21:11:04.455Z - ::ffff:127.0.0.1 - Guest - GET /api/pokemon - Body: {}
2025-11-29T21:11:04.455Z - Response: 401 for GET /api/pokemon
2025-11-29T21:11:58.094Z - ::ffff:127.0.0.1 - Guest - GET /api/pokemon - Body: {}
2025-11-29T21:15:11.859Z - ::ffff:127.0.0.1 - Guest - GET /api/pokemon - Body: {}
2025-11-29T21:20:02.145Z - ::ffff:127.0.0.1 - Guest - GET /api/pokemon - Body: {}
2025-11-29T21:20:02.145Z - Response: 200 for GET /api/pokemon
2025-11-29T21:20:23.659Z - ::1 - Guest - GET /api/pokemon?page=1&limit=30&_=1764451223650
2025-11-29T21:20:23.662Z - ::1 - Guest - GET /api/pokemon?page=1&limit=30&_=1764451223651
2025-11-29T21:20:23.659Z - Response: 200
2025-11-29T21:20:23.662Z - Response: 200
2025-11-29T21:20:25.299Z - ::1 - Guest - GET /api/pokemon?page=1&limit=30&_=1764451225291
2025-11-29T21:20:25.300Z - ::1 - Guest - GET /api/pokemon?page=1&limit=30&_=1764451225293
2025-11-29T21:20:25.299Z - Response: 200
2025-11-29T21:20:25.300Z - Response: 200
2025-11-29T21:20:26.150Z - ::1 - Guest - GET /api/pokemon?page=1&limit=30&_=1764451226144
2025-11-29T21:20:26.153Z - ::1 - Guest - GET /api/pokemon?page=1&limit=30&_=1764451226145
2025-11-29T21:20:26.150Z - Response: 200
2025-11-29T21:20:26.153Z - Response: 200
2025-11-29T21:21:01.857Z - ::ffff:127.0.0.1 - Guest - GET /api/pokemon - Body: {}
2025-11-29T21:21:01.857Z - Response: 200 for GET /api/pokemon
2025-11-29T21:21:20.605Z - ::1 - Guest - GET /api/pokemon?page=1&limit=30&_=1764451280596
2025-11-29T21:21:20.608Z - ::1 - Guest - GET /api/pokemon?page=1&limit=30&_=1764451280597
2025-11-29T21:21:20.605Z - Response: 200
2025-11-29T21:21:20.608Z - Response: 200
2025-11-30T00:07:56.497Z - ::1 - Guest - GET /api/pokemon?page=1&limit=30&_=1764461276477
2025-11-30T00:07:56.505Z - ::1 - Guest - GET /api/pokemon?page=1&limit=30&_=1764461276478
2025-11-30T00:07:56.497Z - Response: 200
2025-11-30T00:07:56.505Z - Response: 200
2025-11-30T00:08:05.230Z - ::1 - Guest - GET /api/pokemon?page=1&limit=30&_=1764461285204 - Body: {}
2025-11-30T00:08:05.345Z - ::1 - Guest - GET /api/pokemon?page=1&limit=30&_=1764461285205 - Body: {}
2025-11-30T00:08:05.230Z - Response: 200 for GET /api/pokemon?page=1&limit=30&_=1764461285204
2025-11-30T00:08:05.345Z - Response: 200 for GET /api/pokemon?page=1&limit=30&_=1764461285205
2025-11-30T00:08:12.882Z - ::1 - Guest - POST /api/auth/login - Body: {"email":"test@example.com","password":"REDACTED"}
2025-11-30T00:08:12.882Z - Response: 200 for POST /api/auth/login
2025-11-30T00:08:13.091Z - ::1 - Guest - GET /api/pokemon?page=1&limit=30&_=1764461293011 - Body: {}
2025-11-30T00:08:13.091Z - Response: 200 for GET /api/pokemon?page=1&limit=30&_=1764461293011
2025-11-30T00:08:13.104Z - ::1 - Guest - GET /api/pokemon?page=1&limit=30&_=1764461293011 - Body: {}
2025-11-30T00:08:13.104Z - Response: 304 for GET /api/pokemon?page=1&limit=30&_=1764461293011
2025-11-30T00:08:17.766Z - ::1 - Guest - GET /api/pokemon?page=1&limit=30&_=1764461297726 - Body: {}
2025-11-30T00:08:17.766Z - Response: 200 for GET /api/pokemon?page=1&limit=30&_=1764461297726
2025-11-30T00:08:17.776Z - ::1 - Guest - GET /api/pokemon?page=1&limit=30&_=1764461297726 - Body: {}
2025-11-30T00:08:17.776Z - Response: 304 for GET /api/pokemon?page=1&limit=30&_=1764461297726
2025-11-30T00:08:26.831Z - ::1 - Guest - POST /api/pokemon - Body: {"id":2,"name":"qdfsa","data":{"types":[{"type":{"name":"grass"}}]}}
2025-11-30T00:08:26.831Z - Response: 400 for POST /api/pokemon
2025-11-30T17:23:39.571Z - ::1 - Guest - POST /api/pokemon - Body: {"id":2,"name":"asdfasdf","data":{"types":[{"type":{"name":"electric"}}]}}
2025-11-30T17:23:39.571Z - Response: 400 for POST /api/pokemon
2025-11-30T17:23:43.108Z - ::1 - Guest - GET /api/pokemon?page=1&limit=30&_=1764523423067 - Body: {}
2025-11-30T17:23:43.108Z - Response: 200 for GET /api/pokemon?page=1&limit=30&_=1764523423067
2025-11-30T17:23:43.128Z - ::1 - Guest - GET /api/pokemon?page=1&limit=30&_=1764523423067 - Body: {}
2025-11-30T17:23:43.128Z - Response: 304 for GET /api/pokemon?page=1&limit=30&_=1764523423067
2025-11-30T17:23:44.760Z - ::1 - Guest - GET /api/pokemon?page=1&limit=30&_=1764523424751 - Body: {}
2025-11-30T17:23:44.762Z - ::1 - Guest - GET /api/pokemon?page=1&limit=30&_=1764523424752 - Body: {}
2025-11-30T17:23:44.760Z - Response: 200 for GET /api/pokemon?page=1&limit=30&_=1764523424751
2025-11-30T17:23:44.762Z - Response: 200 for GET /api/pokemon?page=1&limit=30&_=1764523424752
2025-11-30T17:26:39.912Z - ::1 - Guest - GET /api/pokemon?page=1&limit=30&_=1764523599722 - Body: {}
2025-11-30T17:26:39.970Z - ::1 - Guest - GET /api/pokemon?page=1&limit=30&_=1764523599723 - Body: {}
2025-11-30T17:26:41.383Z - ::1 - Guest - GET /api/pokemon?page=1&limit=30&_=1764523601366 - Body: {}
2025-11-30T17:26:41.387Z - ::1 - Guest - GET /api/pokemon?page=1&limit=30&_=1764523601368 - Body: {}
2025-11-30T17:26:41.383Z - Response: 200 for GET /api/pokemon?page=1&limit=30&_=1764523601366
2025-11-30T17:26:41.387Z - Response: 200 for GET /api/pokemon?page=1&limit=30&_=1764523601368
2025-11-30T17:26:54.516Z - ::1 - Guest - POST /api/pokemon - Body: {"id":2,"name":"asdfasd","data":{"types":[{"type":{"name":"poison"}}]}}
2025-11-30T17:26:54.516Z - Response: 201 for POST /api/pokemon
2025-11-30T17:26:56.101Z - ::1 - Guest - GET /api/pokemon?page=1&limit=30&_=1764523616052 - Body: {}
2025-11-30T17:26:56.106Z - ::1 - Guest - GET /api/pokemon?page=1&limit=30&_=1764523616053 - Body: {}
2025-11-30T17:26:56.101Z - Response: 200 for GET /api/pokemon?page=1&limit=30&_=1764523616052
2025-11-30T17:26:56.106Z - Response: 200 for GET /api/pokemon?page=1&limit=30&_=1764523616053
2025-11-30T17:27:17.652Z - ::1 - Guest - DELETE /api/pokemon/2 - Body: {}
2025-11-30T17:27:17.652Z - Response: 200 for DELETE /api/pokemon/2
2025-11-30T17:27:17.668Z - ::1 - Guest - GET /api/pokemon?page=1&limit=30&_=1764523637664 - Body: {}
2025-11-30T17:27:17.668Z - Response: 200 for GET /api/pokemon?page=1&limit=30&_=1764523637664
2025-11-30T17:27:20.430Z - ::1 - Guest - GET /api/pokemon?page=1&limit=30&_=1764523640422 - Body: {}
2025-11-30T17:27:20.432Z - ::1 - Guest - GET /api/pokemon?page=1&limit=30&_=1764523640423 - Body: {}
2025-11-30T17:27:20.430Z - Response: 200 for GET /api/pokemon?page=1&limit=30&_=1764523640422
2025-11-30T17:27:20.432Z - Response: 200 for GET /api/pokemon?page=1&limit=30&_=1764523640423
2025-11-30T17:36:57.320Z - ::1 - Guest - POST /api/auth/register - Body: {"email":"teste@teste.com","password":"REDACTED"}
2025-11-30T17:36:57.320Z - Response: 201 for POST /api/auth/register
2025-11-30T17:37:10.230Z - ::1 - Guest - POST /api/auth/login - Body: {"email":"teste@teste.com","password":"REDACTED"}
2025-11-30T17:37:10.230Z - Response: 200 for POST /api/auth/login
2025-11-30T17:37:10.374Z - ::1 - Guest - GET /api/pokemon?page=1&limit=30&_=1764524230341 - Body: {}
2025-11-30T17:37:10.376Z - ::1 - Guest - GET /api/pokemon?page=1&limit=30&_=1764524230342 - Body: {}
2025-11-30T17:37:10.374Z - Response: 200 for GET /api/pokemon?page=1&limit=30&_=1764524230341
2025-11-30T17:37:10.376Z - Response: 200 for GET /api/pokemon?page=1&limit=30&_=1764524230342
2025-11-30T19:05:57.541Z - ::1 - Guest - GET /api/pokemon?page=1&limit=30&_=1764529557527 - Body: {}
2025-11-30T19:05:57.544Z - ::1 - Guest - GET /api/pokemon?page=1&limit=30&_=1764529557529 - Body: {}
2025-11-30T19:05:57.541Z - Response: 200 for GET /api/pokemon?page=1&limit=30&_=1764529557527
2025-11-30T19:05:57.544Z - Response: 200 for GET /api/pokemon?page=1&limit=30&_=1764529557529
2025-11-30T19:06:17.224Z - ::1 - Guest - GET /api/pokemon?page=2&limit=30&_=1764529577217 - Body: {}
2025-11-30T19:06:17.224Z - Response: 200 for GET /api/pokemon?page=2&limit=30&_=1764529577217
2025-11-30T19:06:17.883Z - ::1 - Guest - GET /api/pokemon?page=3&limit=30&_=1764529577877 - Body: {}
2025-11-30T19:06:17.883Z - Response: 200 for GET /api/pokemon?page=3&limit=30&_=1764529577877
2025-11-30T19:06:19.380Z - ::1 - Guest - GET /api/pokemon?page=4&limit=30&_=1764529579374 - Body: {}
2025-11-30T19:06:19.380Z - Response: 200 for GET /api/pokemon?page=4&limit=30&_=1764529579374
2025-11-30T19:06:20.278Z - ::1 - Guest - GET /api/pokemon?page=5&limit=30&_=1764529580272 - Body: {}
2025-11-30T19:06:20.278Z - Response: 200 for GET /api/pokemon?page=5&limit=30&_=1764529580272
2025-11-30T19:06:21.079Z - ::1 - Guest - GET /api/pokemon?page=6&limit=30&_=1764529581071 - Body: {}
2025-11-30T19:06:21.079Z - Response: 200 for GET /api/pokemon?page=6&limit=30&_=1764529581071
2025-11-30T19:06:22.695Z - ::1 - Guest - GET /api/pokemon?page=5&limit=30&_=1764529582666 - Body: {}
2025-11-30T19:06:22.695Z - Response: 200 for GET /api/pokemon?page=5&limit=30&_=1764529582666
2025-11-30T19:06:25.701Z - ::1 - Guest - GET /api/pokemon?page=4&limit=30&_=1764529585696 - Body: {}
2025-11-30T19:06:25.701Z - Response: 200 for GET /api/pokemon?page=4&limit=30&_=1764529585696
2025-11-30T19:06:25.926Z - ::1 - Guest - GET /api/pokemon?page=3&limit=30&_=1764529585913 - Body: {}
2025-11-30T19:06:25.926Z - Response: 200 for GET /api/pokemon?page=3&limit=30&_=1764529585913
2025-11-30T19:06:26.222Z - ::1 - Guest - GET /api/pokemon?page=2&limit=30&_=1764529586216 - Body: {}
2025-11-30T19:06:26.222Z - Response: 200 for GET /api/pokemon?page=2&limit=30&_=1764529586216
2025-11-30T19:06:26.584Z - ::1 - Guest - GET /api/pokemon?page=1&limit=30&_=1764529586578 - Body: {}
2025-11-30T19:06:26.584Z - Response: 200 for GET /api/pokemon?page=1&limit=30&_=1764529586578
2025-11-30T19:10:00.367Z - ::1 - Guest - GET /api/pokemon?page=1&limit=30&_=1764529800357 - Body: {}
2025-11-30T19:10:00.370Z - ::1 - Guest - GET /api/pokemon?page=1&limit=30&_=1764529800359 - Body: {}
2025-11-30T19:10:00.367Z - Response: 200 for GET /api/pokemon?page=1&limit=30&_=1764529800357
2025-11-30T19:10:00.370Z - Response: 200 for GET /api/pokemon?page=1&limit=30&_=1764529800359
2025-11-30T19:10:04.298Z - ::1 - Guest - GET /api/pokemon?page=2&limit=30&_=1764529804291 - Body: {}
2025-11-30T19:10:04.298Z - Response: 200 for GET /api/pokemon?page=2&limit=30&_=1764529804291
2025-11-30T19:10:04.990Z - ::1 - Guest - GET /api/pokemon?page=3&limit=30&_=1764529804985 - Body: {}
2025-11-30T19:10:04.990Z - Response: 200 for GET /api/pokemon?page=3&limit=30&_=1764529804985
2025-11-30T19:10:05.600Z - ::1 - Guest - GET /api/pokemon?page=4&limit=30&_=1764529805594 - Body: {}
2025-11-30T19:10:05.600Z - Response: 200 for GET /api/pokemon?page=4&limit=30&_=1764529805594
2025-11-30T19:10:06.296Z - ::1 - Guest - GET /api/pokemon?page=5&limit=30&_=1764529806289 - Body: {}
2025-11-30T19:10:06.296Z - Response: 200 for GET /api/pokemon?page=5&limit=30&_=1764529806289
2025-11-30T19:10:06.903Z - ::1 - Guest - GET /api/pokemon?page=6&limit=30&_=1764529806897 - Body: {}
2025-11-30T19:10:06.903Z - Response: 200 for GET /api/pokemon?page=6&limit=30&_=1764529806897
2025-11-30T19:10:07.483Z - ::1 - Guest - GET /api/pokemon?page=7&limit=30&_=1764529807477 - Body: {}
2025-11-30T19:10:07.483Z - Response: 200 for GET /api/pokemon?page=7&limit=30&_=1764529807477
2025-11-30T19:10:08.057Z - ::1 - Guest - GET /api/pokemon?page=8&limit=30&_=1764529808051 - Body: {}
2025-11-30T19:10:08.057Z - Response: 200 for GET /api/pokemon?page=8&limit=30&_=1764529808051
2025-11-30T19:10:08.650Z - ::1 - Guest - GET /api/pokemon?page=9&limit=30&_=1764529808644 - Body: {}
2025-11-30T19:10:08.650Z - Response: 200 for GET /api/pokemon?page=9&limit=30&_=1764529808644
2025-11-30T19:10:09.301Z - ::1 - Guest - GET /api/pokemon?page=10&limit=30&_=1764529809293 - Body: {}
2025-11-30T19:10:09.301Z - Response: 200 for GET /api/pokemon?page=10&limit=30&_=1764529809293
2025-11-30T19:10:17.521Z - ::1 - Guest - GET /api/pokemon?page=9&limit=30&_=1764529817512 - Body: {}
2025-11-30T19:10:17.521Z - Response: 200 for GET /api/pokemon?page=9&limit=30&_=1764529817512
2025-11-30T19:10:18.041Z - ::1 - Guest - GET /api/pokemon?page=8&limit=30&_=1764529818036 - Body: {}
2025-11-30T19:10:18.041Z - Response: 200 for GET /api/pokemon?page=8&limit=30&_=1764529818036
2025-11-30T19:10:18.673Z - ::1 - Guest - GET /api/pokemon?page=7&limit=30&_=1764529818668 - Body: {}
2025-11-30T19:10:18.673Z - Response: 200 for GET /api/pokemon?page=7&limit=30&_=1764529818668
2025-11-30T19:10:19.167Z - ::1 - Guest - GET /api/pokemon?page=6&limit=30&_=1764529819160 - Body: {}
2025-11-30T19:10:19.167Z - Response: 200 for GET /api/pokemon?page=6&limit=30&_=1764529819160
2025-11-30T19:10:19.334Z - ::1 - Guest - GET /api/pokemon?page=5&limit=30&_=1764529819329 - Body: {}
2025-11-30T19:10:19.334Z - Response: 200 for GET /api/pokemon?page=5&limit=30&_=1764529819329
2025-11-30T19:10:19.544Z - ::1 - Guest - GET /api/pokemon?page=4&limit=30&_=1764529819538 - Body: {}
2025-11-30T19:10:19.544Z - Response: 200 for GET /api/pokemon?page=4&limit=30&_=1764529819538
2025-11-30T19:10:19.721Z - ::1 - Guest - GET /api/pokemon?page=3&limit=30&_=1764529819713 - Body: {}
2025-11-30T19:10:19.721Z - Response: 200 for GET /api/pokemon?page=3&limit=30&_=1764529819713
2025-11-30T19:10:19.950Z - ::1 - Guest - GET /api/pokemon?page=2&limit=30&_=1764529819934 - Body: {}
2025-11-30T19:10:19.950Z - Response: 200 for GET /api/pokemon?page=2&limit=30&_=1764529819934
2025-11-30T19:18:44.994Z - ::1 - Guest - GET /api/pokemon?page=2&limit=30&_=1764530324986 - Body: {}
2025-11-30T19:18:44.997Z - ::1 - Guest - GET /api/pokemon?page=2&limit=30&_=1764530324987 - Body: {}
2025-11-30T19:18:44.994Z - Response: 200 for GET /api/pokemon?page=2&limit=30&_=1764530324986
2025-11-30T19:18:44.997Z - Response: 200 for GET /api/pokemon?page=2&limit=30&_=1764530324987
2025-11-30T19:18:47.133Z - ::1 - Guest - GET /api/pokemon?page=2&limit=30&_=1764530327126 - Body: {}
2025-11-30T19:18:47.137Z - ::1 - Guest - GET /api/pokemon?page=2&limit=30&_=1764530327127 - Body: {}
2025-11-30T19:18:47.133Z - Response: 200 for GET /api/pokemon?page=2&limit=30&_=1764530327126
2025-11-30T19:18:47.137Z - Response: 200 for GET /api/pokemon?page=2&limit=30&_=1764530327127
2025-11-30T19:18:50.888Z - ::1 - Guest - GET /api/pokemon?page=1&limit=30&_=1764530330880 - Body: {}
2025-11-30T19:18:50.888Z - Response: 200 for GET /api/pokemon?page=1&limit=30&_=1764530330880
2025-12-01T00:19:31.127Z - ::1 - Guest - GET /api/pokemon?page=1&limit=30&_=1764548371104 - Body: {}
2025-12-01T00:19:31.139Z - ::1 - Guest - GET /api/pokemon?page=1&limit=30&_=1764548371118 - Body: {}
2025-12-01T00:19:31.127Z - Response: 200 for GET /api/pokemon?page=1&limit=30&_=1764548371104
2025-12-01T00:19:31.139Z - Response: 200 for GET /api/pokemon?page=1&limit=30&_=1764548371118
2025-12-01T18:05:23.461Z - ::1 - Guest - GET /api/pokemon?page=1&limit=30&_=1764612323431 - Body: {}
2025-12-01T18:05:23.461Z - Response: 401 for GET /api/pokemon?page=1&limit=30&_=1764612323431
2025-12-01T18:05:23.505Z - ::1 - Guest - GET /api/pokemon?page=1&limit=30&_=1764612323434 - Body: {}
2025-12-01T18:05:23.505Z - Response: 401 for GET /api/pokemon?page=1&limit=30&_=1764612323434
2025-12-01T18:05:36.283Z - ::1 - Guest - POST /api/auth/login - Body: {"email":"test@example.com","password":"REDACTED"}
2025-12-01T18:05:36.283Z - Response: 200 for POST /api/auth/login
2025-12-01T18:05:36.499Z - ::1 - Guest - GET /api/pokemon?page=1&limit=30&_=1764612336454 - Body: {}
2025-12-01T18:05:36.499Z - Response: 200 for GET /api/pokemon?page=1&limit=30&_=1764612336454
2025-12-01T18:05:36.522Z - ::1 - Guest - GET /api/pokemon?page=1&limit=30&_=1764612336454 - Body: {}
2025-12-01T18:05:36.522Z - Response: 304 for GET /api/pokemon?page=1&limit=30&_=1764612336454
2025-12-01T18:05:50.093Z - ::1 - Guest - GET /api/pokemon?page=1&limit=30&_=1764612350059 - Body: {}
2025-12-01T18:05:50.093Z - Response: 200 for GET /api/pokemon?page=1&limit=30&_=1764612350059
2025-12-01T18:05:50.101Z - ::1 - Guest - GET /api/pokemon?page=1&limit=30&_=1764612350059 - Body: {}
2025-12-01T18:05:50.101Z - Response: 304 for GET /api/pokemon?page=1&limit=30&_=1764612350059
2025-12-01T18:07:21.818Z - ::1 - Guest - POST /api/auth/login - Body: {"email":"test@example.com","password":"REDACTED"}
2025-12-01T18:07:21.818Z - Response: 200 for POST /api/auth/login
2025-12-01T18:07:21.991Z - ::1 - Guest - GET /api/pokemon?page=1&limit=30&_=1764612441924 - Body: {}
2025-12-01T18:07:21.995Z - ::1 - Guest - GET /api/pokemon?page=1&limit=30&_=1764612441925 - Body: {}
2025-12-01T18:07:21.991Z - Response: 200 for GET /api/pokemon?page=1&limit=30&_=1764612441924
2025-12-01T18:07:21.995Z - Response: 200 for GET /api/pokemon?page=1&limit=30&_=1764612441925
2025-12-01T18:09:23.105Z - ::1 - Guest - POST /api/auth/register - Body: {"email":"teste@teste.com","password":"REDACTED"}
2025-12-01T18:09:23.105Z - Response: 201 for POST /api/auth/register
2025-12-01T18:09:52.482Z - ::1 - Guest - POST /api/auth/login - Body: {"email":"teste@teste.com","password":"REDACTED"}
2025-12-01T18:09:52.482Z - Response: 200 for POST /api/auth/login
2025-12-01T18:09:52.622Z - ::1 - Guest - GET /api/pokemon?page=1&limit=30&_=1764612592586 - Body: {}
2025-12-01T18:09:52.623Z - ::1 - Guest - GET /api/pokemon?page=1&limit=30&_=1764612592587 - Body: {}
2025-12-01T18:09:52.622Z - Response: 200 for GET /api/pokemon?page=1&limit=30&_=1764612592586
2025-12-01T18:09:52.623Z - Response: 200 for GET /api/pokemon?page=1&limit=30&_=1764612592587
2025-12-01T18:10:16.410Z - ::1 - Guest - GET /api/pokemon?page=2&limit=30&_=1764612616400 - Body: {}
2025-12-01T18:10:16.410Z - Response: 200 for GET /api/pokemon?page=2&limit=30&_=1764612616400
2025-12-01T18:10:17.372Z - ::1 - Guest - GET /api/pokemon?page=1&limit=30&_=1764612617364 - Body: {}
2025-12-01T18:10:17.372Z - Response: 200 for GET /api/pokemon?page=1&limit=30&_=1764612617364
2025-12-01T18:10:31.965Z - ::1 - Guest - GET /api/pokemon?page=2&limit=30&_=1764612631957 - Body: {}
2025-12-01T18:10:31.965Z - Response: 200 for GET /api/pokemon?page=2&limit=30&_=1764612631957
2025-12-01T18:10:33.432Z - ::1 - Guest - GET /api/pokemon?page=1&limit=30&_=1764612633425 - Body: {}
2025-12-01T18:10:33.432Z - Response: 200 for GET /api/pokemon?page=1&limit=30&_=1764612633425
2025-12-01T18:10:41.976Z - ::1 - Guest - POST /api/pokemon - Body: {"id":1,"name":"asdf","data":{"types":[{"type":{"name":"water"}}]}}
2025-12-01T18:10:41.976Z - Response: 201 for POST /api/pokemon
2025-12-01T18:10:43.533Z - ::1 - Guest - GET /api/pokemon?page=1&limit=30&_=1764612643489 - Body: {}
2025-12-01T18:10:43.535Z - ::1 - Guest - GET /api/pokemon?page=1&limit=30&_=1764612643490 - Body: {}
2025-12-01T18:10:43.533Z - Response: 200 for GET /api/pokemon?page=1&limit=30&_=1764612643489
2025-12-01T18:10:43.535Z - Response: 200 for GET /api/pokemon?page=1&limit=30&_=1764612643490
2025-12-01T18:11:06.890Z - ::1 - Guest - GET /api/pokemon?page=1&limit=30&_=1764612666857 - Body: {}
2025-12-01T18:11:06.890Z - Response: 200 for GET /api/pokemon?page=1&limit=30&_=1764612666857
2025-12-01T18:11:06.897Z - ::1 - Guest - GET /api/pokemon?page=1&limit=30&_=1764612666857 - Body: {}
2025-12-01T18:11:06.897Z - Response: 304 for GET /api/pokemon?page=1&limit=30&_=1764612666857
2025-12-01T18:11:08.801Z - ::1 - Guest - GET /api/pokemon?page=1&limit=30&_=1764612668769 - Body: {}
2025-12-01T18:11:08.805Z - ::1 - Guest - GET /api/pokemon?page=1&limit=30&_=1764612668770 - Body: {}
2025-12-01T18:11:08.801Z - Response: 200 for GET /api/pokemon?page=1&limit=30&_=1764612668769
2025-12-01T18:11:08.805Z - Response: 200 for GET /api/pokemon?page=1&limit=30&_=1764612668770
2025-12-01T18:11:09.847Z - ::1 - Guest - GET /api/pokemon?page=1&limit=30&_=1764612669819 - Body: {}
2025-12-01T18:11:09.848Z - ::1 - Guest - GET /api/pokemon?page=1&limit=30&_=1764612669820 - Body: {}
2025-12-01T18:11:09.847Z - Response: 200 for GET /api/pokemon?page=1&limit=30&_=1764612669819
2025-12-01T18:11:09.848Z - Response: 200 for GET /api/pokemon?page=1&limit=30&_=1764612669820
2025-12-01T18:11:11.504Z - ::1 - Guest - GET /api/pokemon?page=1&limit=30&_=1764612671495 - Body: {}
2025-12-01T18:11:11.505Z - ::1 - Guest - GET /api/pokemon?page=1&limit=30&_=1764612671496 - Body: {}
2025-12-01T18:11:11.504Z - Response: 200 for GET /api/pokemon?page=1&limit=30&_=1764612671495
2025-12-01T18:11:11.505Z - Response: 200 for GET /api/pokemon?page=1&limit=30&_=1764612671496
2025-12-01T18:11:12.286Z - ::1 - Guest - GET /api/pokemon?page=1&limit=30&_=1764612672277 - Body: {}
2025-12-01T18:11:12.288Z - ::1 - Guest - GET /api/pokemon?page=1&limit=30&_=1764612672278 - Body: {}
2025-12-01T18:11:12.286Z - Response: 200 for GET /api/pokemon?page=1&limit=30&_=1764612672277
2025-12-01T18:11:12.288Z - Response: 200 for GET /api/pokemon?page=1&limit=30&_=1764612672278
2025-12-01T18:11:13.988Z - ::1 - Guest - GET /api/pokemon?page=1&limit=30&_=1764612673956 - Body: {}
2025-12-01T18:11:13.988Z - Response: 200 for GET /api/pokemon?page=1&limit=30&_=1764612673956
2025-12-01T18:11:13.998Z - ::1 - Guest - GET /api/pokemon?page=1&limit=30&_=1764612673956 - Body: {}
2025-12-01T18:11:13.998Z - Response: 304 for GET /api/pokemon?page=1&limit=30&_=1764612673956
2025-12-01T18:11:20.655Z - ::1 - Guest - DELETE /api/pokemon/1 - Body: {}
2025-12-01T18:11:20.655Z - Response: 200 for DELETE /api/pokemon/1
2025-12-01T18:11:20.668Z - ::1 - Guest - GET /api/pokemon?page=1&limit=30&_=1764612680663 - Body: {}
2025-12-01T18:11:20.668Z - Response: 200 for GET /api/pokemon?page=1&limit=30&_=1764612680663
2025-12-01T18:11:23.606Z - ::1 - Guest - DELETE /api/pokemon/10 - Body: {}
2025-12-01T18:11:23.606Z - Response: 200 for DELETE /api/pokemon/10
2025-12-01T18:11:23.617Z - ::1 - Guest - GET /api/pokemon?page=1&limit=30&_=1764612683613 - Body: {}
2025-12-01T18:11:23.617Z - Response: 200 for GET /api/pokemon?page=1&limit=30&_=1764612683613
2025-12-01T18:11:25.385Z - ::1 - Guest - GET /api/pokemon?page=1&limit=30&_=1764612685378 - Body: {}
2025-12-01T18:11:25.385Z - Response: 200 for GET /api/pokemon?page=1&limit=30&_=1764612685378
2025-12-01T18:11:25.393Z - ::1 - Guest - GET /api/pokemon?page=1&limit=30&_=1764612685378 - Body: {}
2025-12-01T18:11:25.393Z - Response: 304 for GET /api/pokemon?page=1&limit=30&_=1764612685378
2025-12-01T18:12:17.756Z - ::1 - Guest - GET /api/pokemon?search=char&_=1764612737750 - Body: {}
2025-12-01T18:12:17.756Z - Response: 200 for GET /api/pokemon?search=char&_=1764612737750
2025-12-01T18:12:21.479Z - ::1 - Guest - GET /api/pokemon?search=a&_=1764612741475 - Body: {}
2025-12-01T18:12:21.479Z - Response: 200 for GET /api/pokemon?search=a&_=1764612741475
2025-12-01T18:12:26.630Z - ::1 - Guest - GET /api/pokemon?search=34&_=1764612746624 - Body: {}
2025-12-01T18:12:26.630Z - Response: 200 for GET /api/pokemon?search=34&_=1764612746624
2025-12-01T18:12:31.084Z - ::1 - Guest - GET /api/pokemon?search=11&_=1764612751078 - Body: {}
2025-12-01T18:12:31.084Z - Response: 200 for GET /api/pokemon?search=11&_=1764612751078
